2024-12-04T03:15:06.985Z P:1432 T:13044] SyncServiceImpl::ResetEngine,Reset engine with reason: 8
2024-12-04T03:15:06.985Z P:1432 T:13044] ModelLoadManager::Stop,Stopped: Bookmarks
2024-12-04T03:15:06.985Z P:1432 T:13044] ModelLoadManager::Stop,Stopped: Preferences
2024-12-04T03:15:06.985Z P:1432 T:13044] ModelLoadManager::Stop,Stopped: Passwords
2024-12-04T03:15:06.985Z P:1432 T:13044] ModelLoadManager::Stop,Stopped: Autofill Profiles
2024-12-04T03:15:06.985Z P:1432 T:13044] ModelLoadManager::Stop,Stopped: Autofill
2024-12-04T03:15:06.985Z P:1432 T:13044] ModelLoadManager::Stop,Stopped: Typed URLs
2024-12-04T03:15:06.985Z P:1432 T:13044] ModelLoadManager::Stop,Stopped: Extensions
2024-12-04T03:15:06.985Z P:1432 T:13044] ModelLoadManager::Stop,Stopped: Sessions
2024-12-04T03:15:06.985Z P:1432 T:13044] ModelLoadManager::Stop,Stopped: Extension settings
2024-12-04T03:15:06.985Z P:1432 T:13044] ModelLoadManager::Stop,Stopped: History Delete Directives
2024-12-04T03:15:06.985Z P:1432 T:13044] ModelLoadManager::Stop,Stopped: Device Info
2024-12-04T03:15:06.985Z P:1432 T:13044] ModelLoadManager::Stop,Stopped: User Consents
2024-12-04T03:15:06.985Z P:1432 T:13044] ModelLoadManager::Stop,Stopped: Send Tab To Self
2024-12-04T03:15:06.985Z P:1432 T:13044] ModelLoadManager::Stop,Stopped: Web Apps
2024-12-04T03:15:06.985Z P:1432 T:13044] ModelLoadManager::Stop,Stopped: History
2024-12-04T03:15:06.985Z P:1432 T:13044] ModelLoadManager::Stop,Stopped: Collection
2024-12-04T03:15:06.985Z P:1432 T:13044] ModelLoadManager::Stop,Stopped: Edge E Drop
2024-12-04T03:15:06.985Z P:1432 T:13044] ModelLoadManager::Stop,Stopped: Edge Hub App Usage
2024-12-04T03:15:06.985Z P:1432 T:13044] ModelLoadManager::Stop,Stopped: Edge Tab Group
2024-12-04T03:15:06.985Z P:1432 T:13044] ModelLoadManager::Stop,Stopped: Edge Wallet
2024-12-04T03:15:06.985Z P:1432 T:13044] SyncServiceImpl::Initialize,SyncState after authenticated was: NotSignedIn
2024-12-04T03:15:07.227Z P:1432 T:13044] SyncServiceImpl::ResetEngine,Reset engine with reason: 8
2024-12-04T03:15:07.227Z P:1432 T:13044] ModelLoadManager::Stop,Stopped: Bookmarks
2024-12-04T03:15:07.227Z P:1432 T:13044] ModelLoadManager::Stop,Stopped: Preferences
2024-12-04T03:15:07.227Z P:1432 T:13044] ModelLoadManager::Stop,Stopped: Passwords
2024-12-04T03:15:07.227Z P:1432 T:13044] ModelLoadManager::Stop,Stopped: Autofill Profiles
2024-12-04T03:15:07.227Z P:1432 T:13044] ModelLoadManager::Stop,Stopped: Autofill
2024-12-04T03:15:07.227Z P:1432 T:13044] ModelLoadManager::Stop,Stopped: Typed URLs
2024-12-04T03:15:07.227Z P:1432 T:13044] ModelLoadManager::Stop,Stopped: Extensions
2024-12-04T03:15:07.227Z P:1432 T:13044] ModelLoadManager::Stop,Stopped: Sessions
2024-12-04T03:15:07.227Z P:1432 T:13044] ModelLoadManager::Stop,Stopped: Extension settings
2024-12-04T03:15:07.227Z P:1432 T:13044] ModelLoadManager::Stop,Stopped: History Delete Directives
2024-12-04T03:15:07.227Z P:1432 T:13044] ModelLoadManager::Stop,Stopped: Device Info
2024-12-04T03:15:07.227Z P:1432 T:13044] ModelLoadManager::Stop,Stopped: User Consents
2024-12-04T03:15:07.227Z P:1432 T:13044] ModelLoadManager::Stop,Stopped: Send Tab To Self
2024-12-04T03:15:07.227Z P:1432 T:13044] ModelLoadManager::Stop,Stopped: Web Apps
2024-12-04T03:15:07.227Z P:1432 T:13044] ModelLoadManager::Stop,Stopped: History
2024-12-04T03:15:07.227Z P:1432 T:13044] ModelLoadManager::Stop,Stopped: Collection
2024-12-04T03:15:07.227Z P:1432 T:13044] ModelLoadManager::Stop,Stopped: Edge E Drop
2024-12-04T03:15:07.227Z P:1432 T:13044] ModelLoadManager::Stop,Stopped: Edge Hub App Usage
2024-12-04T03:15:07.227Z P:1432 T:13044] ModelLoadManager::Stop,Stopped: Edge Tab Group
2024-12-04T03:15:07.227Z P:1432 T:13044] ModelLoadManager::Stop,Stopped: Edge Wallet
2024-12-04T03:17:32.454Z P:1432 T:13044] SyncServiceImpl::ResetEngine,Reset engine with reason: 0
2024-12-05T02:41:45.143Z P:3548 T:2416] SyncServiceImpl::ResetEngine,Reset engine with reason: 8
2024-12-05T02:41:45.143Z P:3548 T:2416] ModelLoadManager::Stop,Stopped: Bookmarks
2024-12-05T02:41:45.143Z P:3548 T:2416] ModelLoadManager::Stop,Stopped: Preferences
2024-12-05T02:41:45.143Z P:3548 T:2416] ModelLoadManager::Stop,Stopped: Passwords
2024-12-05T02:41:45.143Z P:3548 T:2416] ModelLoadManager::Stop,Stopped: Autofill Profiles
2024-12-05T02:41:45.143Z P:3548 T:2416] ModelLoadManager::Stop,Stopped: Autofill
2024-12-05T02:41:45.143Z P:3548 T:2416] ModelLoadManager::Stop,Stopped: Typed URLs
2024-12-05T02:41:45.143Z P:3548 T:2416] ModelLoadManager::Stop,Stopped: Extensions
2024-12-05T02:41:45.143Z P:3548 T:2416] ModelLoadManager::Stop,Stopped: Sessions
2024-12-05T02:41:45.143Z P:3548 T:2416] ModelLoadManager::Stop,Stopped: Extension settings
2024-12-05T02:41:45.143Z P:3548 T:2416] ModelLoadManager::Stop,Stopped: History Delete Directives
2024-12-05T02:41:45.143Z P:3548 T:2416] ModelLoadManager::Stop,Stopped: Device Info
2024-12-05T02:41:45.143Z P:3548 T:2416] ModelLoadManager::Stop,Stopped: User Consents
2024-12-05T02:41:45.143Z P:3548 T:2416] ModelLoadManager::Stop,Stopped: Send Tab To Self
2024-12-05T02:41:45.144Z P:3548 T:2416] ModelLoadManager::Stop,Stopped: Web Apps
2024-12-05T02:41:45.144Z P:3548 T:2416] ModelLoadManager::Stop,Stopped: History
2024-12-05T02:41:45.144Z P:3548 T:2416] ModelLoadManager::Stop,Stopped: Collection
2024-12-05T02:41:45.144Z P:3548 T:2416] ModelLoadManager::Stop,Stopped: Edge E Drop
2024-12-05T02:41:45.144Z P:3548 T:2416] ModelLoadManager::Stop,Stopped: Edge Hub App Usage
2024-12-05T02:41:45.144Z P:3548 T:2416] ModelLoadManager::Stop,Stopped: Edge Tab Group
2024-12-05T02:41:45.144Z P:3548 T:2416] ModelLoadManager::Stop,Stopped: Edge Wallet
2024-12-05T02:41:45.144Z P:3548 T:2416] SyncServiceImpl::Initialize,SyncState after authenticated was: NotSignedIn
2024-12-05T02:41:45.351Z P:3548 T:2416] SyncServiceImpl::ResetEngine,Reset engine with reason: 8
2024-12-05T02:41:45.351Z P:3548 T:2416] ModelLoadManager::Stop,Stopped: Bookmarks
2024-12-05T02:41:45.351Z P:3548 T:2416] ModelLoadManager::Stop,Stopped: Preferences
2024-12-05T02:41:45.351Z P:3548 T:2416] ModelLoadManager::Stop,Stopped: Passwords
2024-12-05T02:41:45.351Z P:3548 T:2416] ModelLoadManager::Stop,Stopped: Autofill Profiles
2024-12-05T02:41:45.351Z P:3548 T:2416] ModelLoadManager::Stop,Stopped: Autofill
2024-12-05T02:41:45.351Z P:3548 T:2416] ModelLoadManager::Stop,Stopped: Typed URLs
2024-12-05T02:41:45.351Z P:3548 T:2416] ModelLoadManager::Stop,Stopped: Extensions
2024-12-05T02:41:45.351Z P:3548 T:2416] ModelLoadManager::Stop,Stopped: Sessions
2024-12-05T02:41:45.351Z P:3548 T:2416] ModelLoadManager::Stop,Stopped: Extension settings
2024-12-05T02:41:45.351Z P:3548 T:2416] ModelLoadManager::Stop,Stopped: History Delete Directives
2024-12-05T02:41:45.351Z P:3548 T:2416] ModelLoadManager::Stop,Stopped: Device Info
2024-12-05T02:41:45.351Z P:3548 T:2416] ModelLoadManager::Stop,Stopped: User Consents
2024-12-05T02:41:45.351Z P:3548 T:2416] ModelLoadManager::Stop,Stopped: Send Tab To Self
2024-12-05T02:41:45.351Z P:3548 T:2416] ModelLoadManager::Stop,Stopped: Web Apps
2024-12-05T02:41:45.351Z P:3548 T:2416] ModelLoadManager::Stop,Stopped: History
2024-12-05T02:41:45.351Z P:3548 T:2416] ModelLoadManager::Stop,Stopped: Collection
2024-12-05T02:41:45.351Z P:3548 T:2416] ModelLoadManager::Stop,Stopped: Edge E Drop
2024-12-05T02:41:45.351Z P:3548 T:2416] ModelLoadManager::Stop,Stopped: Edge Hub App Usage
2024-12-05T02:41:45.351Z P:3548 T:2416] ModelLoadManager::Stop,Stopped: Edge Tab Group
2024-12-05T02:41:45.351Z P:3548 T:2416] ModelLoadManager::Stop,Stopped: Edge Wallet
2024-12-05T10:14:16.309Z P:3548 T:2416] SyncServiceImpl::ResetEngine,Reset engine with reason: 0
2024-12-07T02:54:08.732Z P:2424 T:14088] SyncServiceImpl::ResetEngine,Reset engine with reason: 8
2024-12-07T02:54:08.732Z P:2424 T:14088] ModelLoadManager::Stop,Stopped: Bookmarks
2024-12-07T02:54:08.732Z P:2424 T:14088] ModelLoadManager::Stop,Stopped: Preferences
2024-12-07T02:54:08.732Z P:2424 T:14088] ModelLoadManager::Stop,Stopped: Passwords
2024-12-07T02:54:08.732Z P:2424 T:14088] ModelLoadManager::Stop,Stopped: Autofill Profiles
2024-12-07T02:54:08.732Z P:2424 T:14088] ModelLoadManager::Stop,Stopped: Autofill
2024-12-07T02:54:08.732Z P:2424 T:14088] ModelLoadManager::Stop,Stopped: Typed URLs
2024-12-07T02:54:08.732Z P:2424 T:14088] ModelLoadManager::Stop,Stopped: Extensions
2024-12-07T02:54:08.732Z P:2424 T:14088] ModelLoadManager::Stop,Stopped: Sessions
2024-12-07T02:54:08.732Z P:2424 T:14088] ModelLoadManager::Stop,Stopped: Extension settings
2024-12-07T02:54:08.732Z P:2424 T:14088] ModelLoadManager::Stop,Stopped: History Delete Directives
2024-12-07T02:54:08.732Z P:2424 T:14088] ModelLoadManager::Stop,Stopped: Device Info
2024-12-07T02:54:08.732Z P:2424 T:14088] ModelLoadManager::Stop,Stopped: User Consents
2024-12-07T02:54:08.732Z P:2424 T:14088] ModelLoadManager::Stop,Stopped: Send Tab To Self
2024-12-07T02:54:08.732Z P:2424 T:14088] ModelLoadManager::Stop,Stopped: Web Apps
2024-12-07T02:54:08.732Z P:2424 T:14088] ModelLoadManager::Stop,Stopped: History
2024-12-07T02:54:08.732Z P:2424 T:14088] ModelLoadManager::Stop,Stopped: Collection
2024-12-07T02:54:08.732Z P:2424 T:14088] ModelLoadManager::Stop,Stopped: Edge E Drop
2024-12-07T02:54:08.732Z P:2424 T:14088] ModelLoadManager::Stop,Stopped: Edge Hub App Usage
2024-12-07T02:54:08.732Z P:2424 T:14088] ModelLoadManager::Stop,Stopped: Edge Tab Group
2024-12-07T02:54:08.732Z P:2424 T:14088] ModelLoadManager::Stop,Stopped: Edge Wallet
2024-12-07T02:54:08.732Z P:2424 T:14088] SyncServiceImpl::Initialize,SyncState after authenticated was: NotSignedIn
2024-12-07T02:54:09.057Z P:2424 T:14088] SyncServiceImpl::ResetEngine,Reset engine with reason: 8
2024-12-07T02:54:09.057Z P:2424 T:14088] ModelLoadManager::Stop,Stopped: Bookmarks
2024-12-07T02:54:09.057Z P:2424 T:14088] ModelLoadManager::Stop,Stopped: Preferences
2024-12-07T02:54:09.057Z P:2424 T:14088] ModelLoadManager::Stop,Stopped: Passwords
2024-12-07T02:54:09.058Z P:2424 T:14088] ModelLoadManager::Stop,Stopped: Autofill Profiles
2024-12-07T02:54:09.058Z P:2424 T:14088] ModelLoadManager::Stop,Stopped: Autofill
2024-12-07T02:54:09.058Z P:2424 T:14088] ModelLoadManager::Stop,Stopped: Typed URLs
2024-12-07T02:54:09.058Z P:2424 T:14088] ModelLoadManager::Stop,Stopped: Extensions
2024-12-07T02:54:09.058Z P:2424 T:14088] ModelLoadManager::Stop,Stopped: Sessions
2024-12-07T02:54:09.058Z P:2424 T:14088] ModelLoadManager::Stop,Stopped: Extension settings
2024-12-07T02:54:09.058Z P:2424 T:14088] ModelLoadManager::Stop,Stopped: History Delete Directives
2024-12-07T02:54:09.058Z P:2424 T:14088] ModelLoadManager::Stop,Stopped: Device Info
2024-12-07T02:54:09.058Z P:2424 T:14088] ModelLoadManager::Stop,Stopped: User Consents
2024-12-07T02:54:09.058Z P:2424 T:14088] ModelLoadManager::Stop,Stopped: Send Tab To Self
2024-12-07T02:54:09.058Z P:2424 T:14088] ModelLoadManager::Stop,Stopped: Web Apps
2024-12-07T02:54:09.058Z P:2424 T:14088] ModelLoadManager::Stop,Stopped: History
2024-12-07T02:54:09.058Z P:2424 T:14088] ModelLoadManager::Stop,Stopped: Collection
2024-12-07T02:54:09.058Z P:2424 T:14088] ModelLoadManager::Stop,Stopped: Edge E Drop
2024-12-07T02:54:09.058Z P:2424 T:14088] ModelLoadManager::Stop,Stopped: Edge Hub App Usage
2024-12-07T02:54:09.058Z P:2424 T:14088] ModelLoadManager::Stop,Stopped: Edge Tab Group
2024-12-07T02:54:09.058Z P:2424 T:14088] ModelLoadManager::Stop,Stopped: Edge Wallet
2024-12-07T03:37:43.212Z P:14160 T:10388] SyncServiceImpl::ResetEngine,Reset engine with reason: 8
2024-12-07T03:37:43.212Z P:14160 T:10388] ModelLoadManager::Stop,Stopped: Bookmarks
2024-12-07T03:37:43.212Z P:14160 T:10388] ModelLoadManager::Stop,Stopped: Preferences
2024-12-07T03:37:43.212Z P:14160 T:10388] ModelLoadManager::Stop,Stopped: Passwords
2024-12-07T03:37:43.212Z P:14160 T:10388] ModelLoadManager::Stop,Stopped: Autofill Profiles
2024-12-07T03:37:43.212Z P:14160 T:10388] ModelLoadManager::Stop,Stopped: Autofill
2024-12-07T03:37:43.212Z P:14160 T:10388] ModelLoadManager::Stop,Stopped: Typed URLs
2024-12-07T03:37:43.212Z P:14160 T:10388] ModelLoadManager::Stop,Stopped: Extensions
2024-12-07T03:37:43.212Z P:14160 T:10388] ModelLoadManager::Stop,Stopped: Sessions
2024-12-07T03:37:43.212Z P:14160 T:10388] ModelLoadManager::Stop,Stopped: Extension settings
2024-12-07T03:37:43.212Z P:14160 T:10388] ModelLoadManager::Stop,Stopped: History Delete Directives
2024-12-07T03:37:43.212Z P:14160 T:10388] ModelLoadManager::Stop,Stopped: Device Info
2024-12-07T03:37:43.212Z P:14160 T:10388] ModelLoadManager::Stop,Stopped: User Consents
2024-12-07T03:37:43.212Z P:14160 T:10388] ModelLoadManager::Stop,Stopped: Send Tab To Self
2024-12-07T03:37:43.212Z P:14160 T:10388] ModelLoadManager::Stop,Stopped: Web Apps
2024-12-07T03:37:43.212Z P:14160 T:10388] ModelLoadManager::Stop,Stopped: History
2024-12-07T03:37:43.212Z P:14160 T:10388] ModelLoadManager::Stop,Stopped: Collection
2024-12-07T03:37:43.212Z P:14160 T:10388] ModelLoadManager::Stop,Stopped: Edge E Drop
2024-12-07T03:37:43.212Z P:14160 T:10388] ModelLoadManager::Stop,Stopped: Edge Hub App Usage
2024-12-07T03:37:43.212Z P:14160 T:10388] ModelLoadManager::Stop,Stopped: Edge Tab Group
2024-12-07T03:37:43.212Z P:14160 T:10388] ModelLoadManager::Stop,Stopped: Edge Wallet
2024-12-07T03:37:43.212Z P:14160 T:10388] SyncServiceImpl::Initialize,SyncState after authenticated was: NotSignedIn
2024-12-07T03:37:43.396Z P:14160 T:10388] SyncServiceImpl::ResetEngine,Reset engine with reason: 8
2024-12-07T03:37:43.396Z P:14160 T:10388] ModelLoadManager::Stop,Stopped: Bookmarks
2024-12-07T03:37:43.396Z P:14160 T:10388] ModelLoadManager::Stop,Stopped: Preferences
2024-12-07T03:37:43.396Z P:14160 T:10388] ModelLoadManager::Stop,Stopped: Passwords
2024-12-07T03:37:43.396Z P:14160 T:10388] ModelLoadManager::Stop,Stopped: Autofill Profiles
2024-12-07T03:37:43.396Z P:14160 T:10388] ModelLoadManager::Stop,Stopped: Autofill
2024-12-07T03:37:43.396Z P:14160 T:10388] ModelLoadManager::Stop,Stopped: Typed URLs
2024-12-07T03:37:43.396Z P:14160 T:10388] ModelLoadManager::Stop,Stopped: Extensions
2024-12-07T03:37:43.396Z P:14160 T:10388] ModelLoadManager::Stop,Stopped: Sessions
2024-12-07T03:37:43.396Z P:14160 T:10388] ModelLoadManager::Stop,Stopped: Extension settings
2024-12-07T03:37:43.396Z P:14160 T:10388] ModelLoadManager::Stop,Stopped: History Delete Directives
2024-12-07T03:37:43.396Z P:14160 T:10388] ModelLoadManager::Stop,Stopped: Device Info
2024-12-07T03:37:43.396Z P:14160 T:10388] ModelLoadManager::Stop,Stopped: User Consents
2024-12-07T03:37:43.396Z P:14160 T:10388] ModelLoadManager::Stop,Stopped: Send Tab To Self
2024-12-07T03:37:43.396Z P:14160 T:10388] ModelLoadManager::Stop,Stopped: Web Apps
2024-12-07T03:37:43.396Z P:14160 T:10388] ModelLoadManager::Stop,Stopped: History
2024-12-07T03:37:43.396Z P:14160 T:10388] ModelLoadManager::Stop,Stopped: Collection
2024-12-07T03:37:43.396Z P:14160 T:10388] ModelLoadManager::Stop,Stopped: Edge E Drop
2024-12-07T03:37:43.396Z P:14160 T:10388] ModelLoadManager::Stop,Stopped: Edge Hub App Usage
2024-12-07T03:37:43.396Z P:14160 T:10388] ModelLoadManager::Stop,Stopped: Edge Tab Group
2024-12-07T03:37:43.396Z P:14160 T:10388] ModelLoadManager::Stop,Stopped: Edge Wallet
2024-12-07T03:54:26.672Z P:8768 T:5380] SyncServiceImpl::ResetEngine,Reset engine with reason: 8
2024-12-07T03:54:26.672Z P:8768 T:5380] ModelLoadManager::Stop,Stopped: Bookmarks
2024-12-07T03:54:26.672Z P:8768 T:5380] ModelLoadManager::Stop,Stopped: Preferences
2024-12-07T03:54:26.672Z P:8768 T:5380] ModelLoadManager::Stop,Stopped: Passwords
2024-12-07T03:54:26.672Z P:8768 T:5380] ModelLoadManager::Stop,Stopped: Autofill Profiles
2024-12-07T03:54:26.672Z P:8768 T:5380] ModelLoadManager::Stop,Stopped: Autofill
2024-12-07T03:54:26.672Z P:8768 T:5380] ModelLoadManager::Stop,Stopped: Typed URLs
2024-12-07T03:54:26.672Z P:8768 T:5380] ModelLoadManager::Stop,Stopped: Extensions
2024-12-07T03:54:26.672Z P:8768 T:5380] ModelLoadManager::Stop,Stopped: Sessions
2024-12-07T03:54:26.672Z P:8768 T:5380] ModelLoadManager::Stop,Stopped: Extension settings
2024-12-07T03:54:26.672Z P:8768 T:5380] ModelLoadManager::Stop,Stopped: History Delete Directives
2024-12-07T03:54:26.672Z P:8768 T:5380] ModelLoadManager::Stop,Stopped: Device Info
2024-12-07T03:54:26.672Z P:8768 T:5380] ModelLoadManager::Stop,Stopped: User Consents
2024-12-07T03:54:26.672Z P:8768 T:5380] ModelLoadManager::Stop,Stopped: Send Tab To Self
2024-12-07T03:54:26.672Z P:8768 T:5380] ModelLoadManager::Stop,Stopped: Web Apps
2024-12-07T03:54:26.672Z P:8768 T:5380] ModelLoadManager::Stop,Stopped: History
2024-12-07T03:54:26.672Z P:8768 T:5380] ModelLoadManager::Stop,Stopped: Collection
2024-12-07T03:54:26.672Z P:8768 T:5380] ModelLoadManager::Stop,Stopped: Edge E Drop
2024-12-07T03:54:26.672Z P:8768 T:5380] ModelLoadManager::Stop,Stopped: Edge Hub App Usage
2024-12-07T03:54:26.672Z P:8768 T:5380] ModelLoadManager::Stop,Stopped: Edge Tab Group
2024-12-07T03:54:26.672Z P:8768 T:5380] ModelLoadManager::Stop,Stopped: Edge Wallet
2024-12-07T03:54:26.672Z P:8768 T:5380] SyncServiceImpl::Initialize,SyncState after authenticated was: NotSignedIn
2024-12-07T03:54:26.858Z P:8768 T:5380] SyncServiceImpl::ResetEngine,Reset engine with reason: 8
2024-12-07T03:54:26.858Z P:8768 T:5380] ModelLoadManager::Stop,Stopped: Bookmarks
2024-12-07T03:54:26.858Z P:8768 T:5380] ModelLoadManager::Stop,Stopped: Preferences
2024-12-07T03:54:26.858Z P:8768 T:5380] ModelLoadManager::Stop,Stopped: Passwords
2024-12-07T03:54:26.858Z P:8768 T:5380] ModelLoadManager::Stop,Stopped: Autofill Profiles
2024-12-07T03:54:26.858Z P:8768 T:5380] ModelLoadManager::Stop,Stopped: Autofill
2024-12-07T03:54:26.858Z P:8768 T:5380] ModelLoadManager::Stop,Stopped: Typed URLs
2024-12-07T03:54:26.858Z P:8768 T:5380] ModelLoadManager::Stop,Stopped: Extensions
2024-12-07T03:54:26.858Z P:8768 T:5380] ModelLoadManager::Stop,Stopped: Sessions
2024-12-07T03:54:26.858Z P:8768 T:5380] ModelLoadManager::Stop,Stopped: Extension settings
2024-12-07T03:54:26.858Z P:8768 T:5380] ModelLoadManager::Stop,Stopped: History Delete Directives
2024-12-07T03:54:26.858Z P:8768 T:5380] ModelLoadManager::Stop,Stopped: Device Info
2024-12-07T03:54:26.858Z P:8768 T:5380] ModelLoadManager::Stop,Stopped: User Consents
2024-12-07T03:54:26.858Z P:8768 T:5380] ModelLoadManager::Stop,Stopped: Send Tab To Self
2024-12-07T03:54:26.858Z P:8768 T:5380] ModelLoadManager::Stop,Stopped: Web Apps
2024-12-07T03:54:26.858Z P:8768 T:5380] ModelLoadManager::Stop,Stopped: History
2024-12-07T03:54:26.858Z P:8768 T:5380] ModelLoadManager::Stop,Stopped: Collection
2024-12-07T03:54:26.858Z P:8768 T:5380] ModelLoadManager::Stop,Stopped: Edge E Drop
2024-12-07T03:54:26.858Z P:8768 T:5380] ModelLoadManager::Stop,Stopped: Edge Hub App Usage
2024-12-07T03:54:26.858Z P:8768 T:5380] ModelLoadManager::Stop,Stopped: Edge Tab Group
2024-12-07T03:54:26.858Z P:8768 T:5380] ModelLoadManager::Stop,Stopped: Edge Wallet
2024-12-07T10:40:27.405Z P:8768 T:5380] SyncServiceImpl::ResetEngine,Reset engine with reason: 0
2024-12-08T02:31:12.943Z P:12140 T:3820] SyncServiceImpl::ResetEngine,Reset engine with reason: 8
2024-12-08T02:31:12.943Z P:12140 T:3820] ModelLoadManager::Stop,Stopped: Bookmarks
2024-12-08T02:31:12.943Z P:12140 T:3820] ModelLoadManager::Stop,Stopped: Preferences
2024-12-08T02:31:12.943Z P:12140 T:3820] ModelLoadManager::Stop,Stopped: Passwords
2024-12-08T02:31:12.943Z P:12140 T:3820] ModelLoadManager::Stop,Stopped: Autofill Profiles
2024-12-08T02:31:12.943Z P:12140 T:3820] ModelLoadManager::Stop,Stopped: Autofill
2024-12-08T02:31:12.943Z P:12140 T:3820] ModelLoadManager::Stop,Stopped: Typed URLs
2024-12-08T02:31:12.943Z P:12140 T:3820] ModelLoadManager::Stop,Stopped: Extensions
2024-12-08T02:31:12.944Z P:12140 T:3820] ModelLoadManager::Stop,Stopped: Sessions
2024-12-08T02:31:12.944Z P:12140 T:3820] ModelLoadManager::Stop,Stopped: Extension settings
2024-12-08T02:31:12.944Z P:12140 T:3820] ModelLoadManager::Stop,Stopped: History Delete Directives
2024-12-08T02:31:12.944Z P:12140 T:3820] ModelLoadManager::Stop,Stopped: Device Info
2024-12-08T02:31:12.944Z P:12140 T:3820] ModelLoadManager::Stop,Stopped: User Consents
2024-12-08T02:31:12.944Z P:12140 T:3820] ModelLoadManager::Stop,Stopped: Send Tab To Self
2024-12-08T02:31:12.944Z P:12140 T:3820] ModelLoadManager::Stop,Stopped: Web Apps
2024-12-08T02:31:12.944Z P:12140 T:3820] ModelLoadManager::Stop,Stopped: History
2024-12-08T02:31:12.944Z P:12140 T:3820] ModelLoadManager::Stop,Stopped: Collection
2024-12-08T02:31:12.944Z P:12140 T:3820] ModelLoadManager::Stop,Stopped: Edge E Drop
2024-12-08T02:31:12.944Z P:12140 T:3820] ModelLoadManager::Stop,Stopped: Edge Hub App Usage
2024-12-08T02:31:12.944Z P:12140 T:3820] ModelLoadManager::Stop,Stopped: Edge Tab Group
2024-12-08T02:31:12.944Z P:12140 T:3820] ModelLoadManager::Stop,Stopped: Edge Wallet
2024-12-08T02:31:12.944Z P:12140 T:3820] SyncServiceImpl::Initialize,SyncState after authenticated was: NotSignedIn
2024-12-08T02:31:13.187Z P:12140 T:3820] SyncServiceImpl::ResetEngine,Reset engine with reason: 8
2024-12-08T02:31:13.187Z P:12140 T:3820] ModelLoadManager::Stop,Stopped: Bookmarks
2024-12-08T02:31:13.187Z P:12140 T:3820] ModelLoadManager::Stop,Stopped: Preferences
2024-12-08T02:31:13.187Z P:12140 T:3820] ModelLoadManager::Stop,Stopped: Passwords
2024-12-08T02:31:13.187Z P:12140 T:3820] ModelLoadManager::Stop,Stopped: Autofill Profiles
2024-12-08T02:31:13.187Z P:12140 T:3820] ModelLoadManager::Stop,Stopped: Autofill
2024-12-08T02:31:13.187Z P:12140 T:3820] ModelLoadManager::Stop,Stopped: Typed URLs
2024-12-08T02:31:13.187Z P:12140 T:3820] ModelLoadManager::Stop,Stopped: Extensions
2024-12-08T02:31:13.187Z P:12140 T:3820] ModelLoadManager::Stop,Stopped: Sessions
2024-12-08T02:31:13.187Z P:12140 T:3820] ModelLoadManager::Stop,Stopped: Extension settings
2024-12-08T02:31:13.187Z P:12140 T:3820] ModelLoadManager::Stop,Stopped: History Delete Directives
2024-12-08T02:31:13.187Z P:12140 T:3820] ModelLoadManager::Stop,Stopped: Device Info
2024-12-08T02:31:13.187Z P:12140 T:3820] ModelLoadManager::Stop,Stopped: User Consents
2024-12-08T02:31:13.187Z P:12140 T:3820] ModelLoadManager::Stop,Stopped: Send Tab To Self
2024-12-08T02:31:13.187Z P:12140 T:3820] ModelLoadManager::Stop,Stopped: Web Apps
2024-12-08T02:31:13.187Z P:12140 T:3820] ModelLoadManager::Stop,Stopped: History
2024-12-08T02:31:13.187Z P:12140 T:3820] ModelLoadManager::Stop,Stopped: Collection
2024-12-08T02:31:13.187Z P:12140 T:3820] ModelLoadManager::Stop,Stopped: Edge E Drop
2024-12-08T02:31:13.187Z P:12140 T:3820] ModelLoadManager::Stop,Stopped: Edge Hub App Usage
2024-12-08T02:31:13.187Z P:12140 T:3820] ModelLoadManager::Stop,Stopped: Edge Tab Group
2024-12-08T02:31:13.187Z P:12140 T:3820] ModelLoadManager::Stop,Stopped: Edge Wallet
2024-12-08T02:48:01.524Z P:4412 T:3096] SyncServiceImpl::ResetEngine,Reset engine with reason: 8
2024-12-08T02:48:01.524Z P:4412 T:3096] ModelLoadManager::Stop,Stopped: Bookmarks
2024-12-08T02:48:01.524Z P:4412 T:3096] ModelLoadManager::Stop,Stopped: Preferences
2024-12-08T02:48:01.524Z P:4412 T:3096] ModelLoadManager::Stop,Stopped: Passwords
2024-12-08T02:48:01.524Z P:4412 T:3096] ModelLoadManager::Stop,Stopped: Autofill Profiles
2024-12-08T02:48:01.524Z P:4412 T:3096] ModelLoadManager::Stop,Stopped: Autofill
2024-12-08T02:48:01.524Z P:4412 T:3096] ModelLoadManager::Stop,Stopped: Typed URLs
2024-12-08T02:48:01.524Z P:4412 T:3096] ModelLoadManager::Stop,Stopped: Extensions
2024-12-08T02:48:01.524Z P:4412 T:3096] ModelLoadManager::Stop,Stopped: Sessions
2024-12-08T02:48:01.524Z P:4412 T:3096] ModelLoadManager::Stop,Stopped: Extension settings
2024-12-08T02:48:01.524Z P:4412 T:3096] ModelLoadManager::Stop,Stopped: History Delete Directives
2024-12-08T02:48:01.524Z P:4412 T:3096] ModelLoadManager::Stop,Stopped: Device Info
2024-12-08T02:48:01.524Z P:4412 T:3096] ModelLoadManager::Stop,Stopped: User Consents
2024-12-08T02:48:01.524Z P:4412 T:3096] ModelLoadManager::Stop,Stopped: Send Tab To Self
2024-12-08T02:48:01.524Z P:4412 T:3096] ModelLoadManager::Stop,Stopped: Web Apps
2024-12-08T02:48:01.524Z P:4412 T:3096] ModelLoadManager::Stop,Stopped: History
2024-12-08T02:48:01.524Z P:4412 T:3096] ModelLoadManager::Stop,Stopped: Collection
2024-12-08T02:48:01.524Z P:4412 T:3096] ModelLoadManager::Stop,Stopped: Edge E Drop
2024-12-08T02:48:01.524Z P:4412 T:3096] ModelLoadManager::Stop,Stopped: Edge Hub App Usage
2024-12-08T02:48:01.524Z P:4412 T:3096] ModelLoadManager::Stop,Stopped: Edge Tab Group
2024-12-08T02:48:01.524Z P:4412 T:3096] ModelLoadManager::Stop,Stopped: Edge Wallet
2024-12-08T02:48:01.524Z P:4412 T:3096] SyncServiceImpl::Initialize,SyncState after authenticated was: NotSignedIn
2024-12-08T02:48:01.739Z P:4412 T:3096] SyncServiceImpl::ResetEngine,Reset engine with reason: 8
2024-12-08T02:48:01.739Z P:4412 T:3096] ModelLoadManager::Stop,Stopped: Bookmarks
2024-12-08T02:48:01.739Z P:4412 T:3096] ModelLoadManager::Stop,Stopped: Preferences
2024-12-08T02:48:01.739Z P:4412 T:3096] ModelLoadManager::Stop,Stopped: Passwords
2024-12-08T02:48:01.739Z P:4412 T:3096] ModelLoadManager::Stop,Stopped: Autofill Profiles
2024-12-08T02:48:01.739Z P:4412 T:3096] ModelLoadManager::Stop,Stopped: Autofill
2024-12-08T02:48:01.739Z P:4412 T:3096] ModelLoadManager::Stop,Stopped: Typed URLs
2024-12-08T02:48:01.739Z P:4412 T:3096] ModelLoadManager::Stop,Stopped: Extensions
2024-12-08T02:48:01.739Z P:4412 T:3096] ModelLoadManager::Stop,Stopped: Sessions
2024-12-08T02:48:01.739Z P:4412 T:3096] ModelLoadManager::Stop,Stopped: Extension settings
2024-12-08T02:48:01.739Z P:4412 T:3096] ModelLoadManager::Stop,Stopped: History Delete Directives
2024-12-08T02:48:01.739Z P:4412 T:3096] ModelLoadManager::Stop,Stopped: Device Info
2024-12-08T02:48:01.739Z P:4412 T:3096] ModelLoadManager::Stop,Stopped: User Consents
2024-12-08T02:48:01.739Z P:4412 T:3096] ModelLoadManager::Stop,Stopped: Send Tab To Self
2024-12-08T02:48:01.739Z P:4412 T:3096] ModelLoadManager::Stop,Stopped: Web Apps
2024-12-08T02:48:01.739Z P:4412 T:3096] ModelLoadManager::Stop,Stopped: History
2024-12-08T02:48:01.739Z P:4412 T:3096] ModelLoadManager::Stop,Stopped: Collection
2024-12-08T02:48:01.739Z P:4412 T:3096] ModelLoadManager::Stop,Stopped: Edge E Drop
2024-12-08T02:48:01.739Z P:4412 T:3096] ModelLoadManager::Stop,Stopped: Edge Hub App Usage
2024-12-08T02:48:01.739Z P:4412 T:3096] ModelLoadManager::Stop,Stopped: Edge Tab Group
2024-12-08T02:48:01.739Z P:4412 T:3096] ModelLoadManager::Stop,Stopped: Edge Wallet
2024-12-08T02:48:26.487Z P:4412 T:3096] SyncServiceImpl::ResetEngine,Reset engine with reason: 0
2024-12-08T02:50:22.350Z P:13000 T:5076] SyncServiceImpl::ResetEngine,Reset engine with reason: 8
2024-12-08T02:50:22.350Z P:13000 T:5076] ModelLoadManager::Stop,Stopped: Bookmarks
2024-12-08T02:50:22.350Z P:13000 T:5076] ModelLoadManager::Stop,Stopped: Preferences
2024-12-08T02:50:22.350Z P:13000 T:5076] ModelLoadManager::Stop,Stopped: Passwords
2024-12-08T02:50:22.350Z P:13000 T:5076] ModelLoadManager::Stop,Stopped: Autofill Profiles
2024-12-08T02:50:22.350Z P:13000 T:5076] ModelLoadManager::Stop,Stopped: Autofill
2024-12-08T02:50:22.350Z P:13000 T:5076] ModelLoadManager::Stop,Stopped: Typed URLs
2024-12-08T02:50:22.350Z P:13000 T:5076] ModelLoadManager::Stop,Stopped: Extensions
2024-12-08T02:50:22.350Z P:13000 T:5076] ModelLoadManager::Stop,Stopped: Sessions
2024-12-08T02:50:22.350Z P:13000 T:5076] ModelLoadManager::Stop,Stopped: Extension settings
2024-12-08T02:50:22.350Z P:13000 T:5076] ModelLoadManager::Stop,Stopped: History Delete Directives
2024-12-08T02:50:22.350Z P:13000 T:5076] ModelLoadManager::Stop,Stopped: Device Info
2024-12-08T02:50:22.350Z P:13000 T:5076] ModelLoadManager::Stop,Stopped: User Consents
2024-12-08T02:50:22.350Z P:13000 T:5076] ModelLoadManager::Stop,Stopped: Send Tab To Self
2024-12-08T02:50:22.350Z P:13000 T:5076] ModelLoadManager::Stop,Stopped: Web Apps
2024-12-08T02:50:22.350Z P:13000 T:5076] ModelLoadManager::Stop,Stopped: History
2024-12-08T02:50:22.350Z P:13000 T:5076] ModelLoadManager::Stop,Stopped: Collection
2024-12-08T02:50:22.350Z P:13000 T:5076] ModelLoadManager::Stop,Stopped: Edge E Drop
2024-12-08T02:50:22.350Z P:13000 T:5076] ModelLoadManager::Stop,Stopped: Edge Hub App Usage
2024-12-08T02:50:22.350Z P:13000 T:5076] ModelLoadManager::Stop,Stopped: Edge Tab Group
2024-12-08T02:50:22.350Z P:13000 T:5076] ModelLoadManager::Stop,Stopped: Edge Wallet
2024-12-08T02:50:22.350Z P:13000 T:5076] SyncServiceImpl::Initialize,SyncState after authenticated was: NotSignedIn
2024-12-08T02:50:22.551Z P:13000 T:5076] SyncServiceImpl::ResetEngine,Reset engine with reason: 8
2024-12-08T02:50:22.551Z P:13000 T:5076] ModelLoadManager::Stop,Stopped: Bookmarks
2024-12-08T02:50:22.551Z P:13000 T:5076] ModelLoadManager::Stop,Stopped: Preferences
2024-12-08T02:50:22.551Z P:13000 T:5076] ModelLoadManager::Stop,Stopped: Passwords
2024-12-08T02:50:22.551Z P:13000 T:5076] ModelLoadManager::Stop,Stopped: Autofill Profiles
2024-12-08T02:50:22.551Z P:13000 T:5076] ModelLoadManager::Stop,Stopped: Autofill
2024-12-08T02:50:22.551Z P:13000 T:5076] ModelLoadManager::Stop,Stopped: Typed URLs
2024-12-08T02:50:22.551Z P:13000 T:5076] ModelLoadManager::Stop,Stopped: Extensions
2024-12-08T02:50:22.551Z P:13000 T:5076] ModelLoadManager::Stop,Stopped: Sessions
2024-12-08T02:50:22.551Z P:13000 T:5076] ModelLoadManager::Stop,Stopped: Extension settings
2024-12-08T02:50:22.551Z P:13000 T:5076] ModelLoadManager::Stop,Stopped: History Delete Directives
2024-12-08T02:50:22.551Z P:13000 T:5076] ModelLoadManager::Stop,Stopped: Device Info
2024-12-08T02:50:22.551Z P:13000 T:5076] ModelLoadManager::Stop,Stopped: User Consents
2024-12-08T02:50:22.551Z P:13000 T:5076] ModelLoadManager::Stop,Stopped: Send Tab To Self
2024-12-08T02:50:22.551Z P:13000 T:5076] ModelLoadManager::Stop,Stopped: Web Apps
2024-12-08T02:50:22.551Z P:13000 T:5076] ModelLoadManager::Stop,Stopped: History
2024-12-08T02:50:22.551Z P:13000 T:5076] ModelLoadManager::Stop,Stopped: Collection
2024-12-08T02:50:22.551Z P:13000 T:5076] ModelLoadManager::Stop,Stopped: Edge E Drop
2024-12-08T02:50:22.551Z P:13000 T:5076] ModelLoadManager::Stop,Stopped: Edge Hub App Usage
2024-12-08T02:50:22.551Z P:13000 T:5076] ModelLoadManager::Stop,Stopped: Edge Tab Group
2024-12-08T02:50:22.551Z P:13000 T:5076] ModelLoadManager::Stop,Stopped: Edge Wallet
2024-12-17 05:14:15.522: [INFO][Sync] Reset engine, reason: 8
2024-12-17 05:14:15.522: [INFO][Sync] Stopped: Bookmarks
2024-12-17 05:14:15.522: [INFO][Sync] Stopped: Preferences
2024-12-17 05:14:15.523: [INFO][Sync] Stopped: Passwords
2024-12-17 05:14:15.523: [INFO][Sync] Stopped: Autofill Profiles
2024-12-17 05:14:15.523: [INFO][Sync] Stopped: Autofill
2024-12-17 05:14:15.523: [INFO][Sync] Stopped: Typed URLs
2024-12-17 05:14:15.523: [INFO][Sync] Stopped: Extensions
2024-12-17 05:14:15.523: [INFO][Sync] Stopped: Sessions
2024-12-17 05:14:15.523: [INFO][Sync] Stopped: Extension settings
2024-12-17 05:14:15.523: [INFO][Sync] Stopped: History Delete Directives
2024-12-17 05:14:15.523: [INFO][Sync] Stopped: Device Info
2024-12-17 05:14:15.523: [INFO][Sync] Stopped: User Consents
2024-12-17 05:14:15.523: [INFO][Sync] Stopped: Send Tab To Self
2024-12-17 05:14:15.523: [INFO][Sync] Stopped: Web Apps
2024-12-17 05:14:15.523: [INFO][Sync] Stopped: History
2024-12-17 05:14:15.523: [INFO][Sync] Stopped: Collection
2024-12-17 05:14:15.523: [INFO][Sync] Stopped: Edge E Drop
2024-12-17 05:14:15.523: [INFO][Sync] Stopped: Edge Hub App Usage
2024-12-17 05:14:15.523: [INFO][Sync] Stopped: Edge Tab Group
2024-12-17 05:14:15.523: [INFO][Sync] Stopped: Edge Wallet
2024-12-17 05:14:15.523: [INFO][Sync] SyncState after authenticated was: NotSignedIn
2024-12-17 05:14:16.283: [INFO][Sync] Reset engine, reason: 8
2024-12-17 05:14:16.283: [INFO][Sync] Stopped: Bookmarks
2024-12-17 05:14:16.283: [INFO][Sync] Stopped: Preferences
2024-12-17 05:14:16.283: [INFO][Sync] Stopped: Passwords
2024-12-17 05:14:16.283: [INFO][Sync] Stopped: Autofill Profiles
2024-12-17 05:14:16.283: [INFO][Sync] Stopped: Autofill
2024-12-17 05:14:16.283: [INFO][Sync] Stopped: Typed URLs
2024-12-17 05:14:16.283: [INFO][Sync] Stopped: Extensions
2024-12-17 05:14:16.283: [INFO][Sync] Stopped: Sessions
2024-12-17 05:14:16.283: [INFO][Sync] Stopped: Extension settings
2024-12-17 05:14:16.283: [INFO][Sync] Stopped: History Delete Directives
2024-12-17 05:14:16.283: [INFO][Sync] Stopped: Device Info
2024-12-17 05:14:16.283: [INFO][Sync] Stopped: User Consents
2024-12-17 05:14:16.283: [INFO][Sync] Stopped: Send Tab To Self
2024-12-17 05:14:16.283: [INFO][Sync] Stopped: Web Apps
2024-12-17 05:14:16.283: [INFO][Sync] Stopped: History
2024-12-17 05:14:16.283: [INFO][Sync] Stopped: Collection
2024-12-17 05:14:16.283: [INFO][Sync] Stopped: Edge E Drop
2024-12-17 05:14:16.283: [INFO][Sync] Stopped: Edge Hub App Usage
2024-12-17 05:14:16.283: [INFO][Sync] Stopped: Edge Tab Group
2024-12-17 05:14:16.283: [INFO][Sync] Stopped: Edge Wallet
2024-12-18 02:29:58.037: [INFO][Sync] Reset engine, reason: 8
2024-12-18 02:29:58.037: [INFO][Sync] Stopped: Bookmarks
2024-12-18 02:29:58.037: [INFO][Sync] Stopped: Preferences
2024-12-18 02:29:58.037: [INFO][Sync] Stopped: Passwords
2024-12-18 02:29:58.037: [INFO][Sync] Stopped: Autofill Profiles
2024-12-18 02:29:58.037: [INFO][Sync] Stopped: Autofill
2024-12-18 02:29:58.037: [INFO][Sync] Stopped: Typed URLs
2024-12-18 02:29:58.037: [INFO][Sync] Stopped: Extensions
2024-12-18 02:29:58.037: [INFO][Sync] Stopped: Sessions
2024-12-18 02:29:58.038: [INFO][Sync] Stopped: Extension settings
2024-12-18 02:29:58.038: [INFO][Sync] Stopped: History Delete Directives
2024-12-18 02:29:58.038: [INFO][Sync] Stopped: Device Info
2024-12-18 02:29:58.038: [INFO][Sync] Stopped: User Consents
2024-12-18 02:29:58.038: [INFO][Sync] Stopped: Send Tab To Self
2024-12-18 02:29:58.038: [INFO][Sync] Stopped: Web Apps
2024-12-18 02:29:58.038: [INFO][Sync] Stopped: History
2024-12-18 02:29:58.038: [INFO][Sync] Stopped: Collection
2024-12-18 02:29:58.038: [INFO][Sync] Stopped: Edge E Drop
2024-12-18 02:29:58.038: [INFO][Sync] Stopped: Edge Hub App Usage
2024-12-18 02:29:58.038: [INFO][Sync] Stopped: Edge Tab Group
2024-12-18 02:29:58.038: [INFO][Sync] Stopped: Edge Wallet
2024-12-18 02:29:58.038: [INFO][Sync] SyncState after authenticated was: NotSignedIn
2024-12-18 02:29:58.308: [INFO][Sync] Reset engine, reason: 8
2024-12-18 02:29:58.308: [INFO][Sync] Stopped: Bookmarks
2024-12-18 02:29:58.308: [INFO][Sync] Stopped: Preferences
2024-12-18 02:29:58.308: [INFO][Sync] Stopped: Passwords
2024-12-18 02:29:58.308: [INFO][Sync] Stopped: Autofill Profiles
2024-12-18 02:29:58.308: [INFO][Sync] Stopped: Autofill
2024-12-18 02:29:58.308: [INFO][Sync] Stopped: Typed URLs
2024-12-18 02:29:58.308: [INFO][Sync] Stopped: Extensions
2024-12-18 02:29:58.308: [INFO][Sync] Stopped: Sessions
2024-12-18 02:29:58.308: [INFO][Sync] Stopped: Extension settings
2024-12-18 02:29:58.308: [INFO][Sync] Stopped: History Delete Directives
2024-12-18 02:29:58.308: [INFO][Sync] Stopped: Device Info
2024-12-18 02:29:58.308: [INFO][Sync] Stopped: User Consents
2024-12-18 02:29:58.308: [INFO][Sync] Stopped: Send Tab To Self
2024-12-18 02:29:58.308: [INFO][Sync] Stopped: Web Apps
2024-12-18 02:29:58.308: [INFO][Sync] Stopped: History
2024-12-18 02:29:58.308: [INFO][Sync] Stopped: Collection
2024-12-18 02:29:58.308: [INFO][Sync] Stopped: Edge E Drop
2024-12-18 02:29:58.308: [INFO][Sync] Stopped: Edge Hub App Usage
2024-12-18 02:29:58.308: [INFO][Sync] Stopped: Edge Tab Group
2024-12-18 02:29:58.308: [INFO][Sync] Stopped: Edge Wallet
2024-12-18 10:38:34.476: [INFO][Sync] Reset engine, reason: 0
2024-12-19 02:41:19.052: [INFO][Sync] Reset engine, reason: 8
2024-12-19 02:41:19.052: [INFO][Sync] Stopped: Bookmarks
2024-12-19 02:41:19.052: [INFO][Sync] Stopped: Preferences
2024-12-19 02:41:19.052: [INFO][Sync] Stopped: Passwords
2024-12-19 02:41:19.052: [INFO][Sync] Stopped: Autofill Profiles
2024-12-19 02:41:19.052: [INFO][Sync] Stopped: Autofill
2024-12-19 02:41:19.052: [INFO][Sync] Stopped: Typed URLs
2024-12-19 02:41:19.052: [INFO][Sync] Stopped: Extensions
2024-12-19 02:41:19.052: [INFO][Sync] Stopped: Sessions
2024-12-19 02:41:19.052: [INFO][Sync] Stopped: Extension settings
2024-12-19 02:41:19.052: [INFO][Sync] Stopped: History Delete Directives
2024-12-19 02:41:19.052: [INFO][Sync] Stopped: Device Info
2024-12-19 02:41:19.052: [INFO][Sync] Stopped: User Consents
2024-12-19 02:41:19.052: [INFO][Sync] Stopped: Send Tab To Self
2024-12-19 02:41:19.052: [INFO][Sync] Stopped: Web Apps
2024-12-19 02:41:19.052: [INFO][Sync] Stopped: History
2024-12-19 02:41:19.052: [INFO][Sync] Stopped: Collection
2024-12-19 02:41:19.052: [INFO][Sync] Stopped: Edge E Drop
2024-12-19 02:41:19.052: [INFO][Sync] Stopped: Edge Hub App Usage
2024-12-19 02:41:19.052: [INFO][Sync] Stopped: Edge Tab Group
2024-12-19 02:41:19.052: [INFO][Sync] Stopped: Edge Wallet
2024-12-19 02:41:19.052: [INFO][Sync] SyncState after authenticated was: NotSignedIn
2024-12-19 02:41:19.258: [INFO][Sync] Reset engine, reason: 8
2024-12-19 02:41:19.258: [INFO][Sync] Stopped: Bookmarks
2024-12-19 02:41:19.258: [INFO][Sync] Stopped: Preferences
2024-12-19 02:41:19.258: [INFO][Sync] Stopped: Passwords
2024-12-19 02:41:19.258: [INFO][Sync] Stopped: Autofill Profiles
2024-12-19 02:41:19.258: [INFO][Sync] Stopped: Autofill
2024-12-19 02:41:19.258: [INFO][Sync] Stopped: Typed URLs
2024-12-19 02:41:19.258: [INFO][Sync] Stopped: Extensions
2024-12-19 02:41:19.258: [INFO][Sync] Stopped: Sessions
2024-12-19 02:41:19.258: [INFO][Sync] Stopped: Extension settings
2024-12-19 02:41:19.258: [INFO][Sync] Stopped: History Delete Directives
2024-12-19 02:41:19.258: [INFO][Sync] Stopped: Device Info
2024-12-19 02:41:19.258: [INFO][Sync] Stopped: User Consents
2024-12-19 02:41:19.258: [INFO][Sync] Stopped: Send Tab To Self
2024-12-19 02:41:19.258: [INFO][Sync] Stopped: Web Apps
2024-12-19 02:41:19.258: [INFO][Sync] Stopped: History
2024-12-19 02:41:19.258: [INFO][Sync] Stopped: Collection
2024-12-19 02:41:19.258: [INFO][Sync] Stopped: Edge E Drop
2024-12-19 02:41:19.258: [INFO][Sync] Stopped: Edge Hub App Usage
2024-12-19 02:41:19.258: [INFO][Sync] Stopped: Edge Tab Group
2024-12-19 02:41:19.258: [INFO][Sync] Stopped: Edge Wallet
2024-12-19 03:14:17.963: [INFO][Sync] Reset engine, reason: 8
2024-12-19 03:14:17.963: [INFO][Sync] Stopped: Bookmarks
2024-12-19 03:14:17.963: [INFO][Sync] Stopped: Preferences
2024-12-19 03:14:17.963: [INFO][Sync] Stopped: Passwords
2024-12-19 03:14:17.963: [INFO][Sync] Stopped: Autofill Profiles
2024-12-19 03:14:17.963: [INFO][Sync] Stopped: Autofill
2024-12-19 03:14:17.963: [INFO][Sync] Stopped: Typed URLs
2024-12-19 03:14:17.963: [INFO][Sync] Stopped: Extensions
2024-12-19 03:14:17.963: [INFO][Sync] Stopped: Sessions
2024-12-19 03:14:17.963: [INFO][Sync] Stopped: Extension settings
2024-12-19 03:14:17.963: [INFO][Sync] Stopped: History Delete Directives
2024-12-19 03:14:17.963: [INFO][Sync] Stopped: Device Info
2024-12-19 03:14:17.963: [INFO][Sync] Stopped: User Consents
2024-12-19 03:14:17.963: [INFO][Sync] Stopped: Send Tab To Self
2024-12-19 03:14:17.963: [INFO][Sync] Stopped: Web Apps
2024-12-19 03:14:17.963: [INFO][Sync] Stopped: History
2024-12-19 03:14:17.963: [INFO][Sync] Stopped: Collection
2024-12-19 03:14:17.963: [INFO][Sync] Stopped: Edge E Drop
2024-12-19 03:14:17.963: [INFO][Sync] Stopped: Edge Hub App Usage
2024-12-19 03:14:17.963: [INFO][Sync] Stopped: Edge Tab Group
2024-12-19 03:14:17.963: [INFO][Sync] Stopped: Edge Wallet
2024-12-19 03:14:17.963: [INFO][Sync] SyncState after authenticated was: NotSignedIn
2024-12-19 03:14:18.145: [INFO][Sync] Reset engine, reason: 8
2024-12-19 03:14:18.145: [INFO][Sync] Stopped: Bookmarks
2024-12-19 03:14:18.145: [INFO][Sync] Stopped: Preferences
2024-12-19 03:14:18.145: [INFO][Sync] Stopped: Passwords
2024-12-19 03:14:18.145: [INFO][Sync] Stopped: Autofill Profiles
2024-12-19 03:14:18.145: [INFO][Sync] Stopped: Autofill
2024-12-19 03:14:18.145: [INFO][Sync] Stopped: Typed URLs
2024-12-19 03:14:18.145: [INFO][Sync] Stopped: Extensions
2024-12-19 03:14:18.145: [INFO][Sync] Stopped: Sessions
2024-12-19 03:14:18.145: [INFO][Sync] Stopped: Extension settings
2024-12-19 03:14:18.145: [INFO][Sync] Stopped: History Delete Directives
2024-12-19 03:14:18.145: [INFO][Sync] Stopped: Device Info
2024-12-19 03:14:18.145: [INFO][Sync] Stopped: User Consents
2024-12-19 03:14:18.145: [INFO][Sync] Stopped: Send Tab To Self
2024-12-19 03:14:18.145: [INFO][Sync] Stopped: Web Apps
2024-12-19 03:14:18.145: [INFO][Sync] Stopped: History
2024-12-19 03:14:18.145: [INFO][Sync] Stopped: Collection
2024-12-19 03:14:18.145: [INFO][Sync] Stopped: Edge E Drop
2024-12-19 03:14:18.145: [INFO][Sync] Stopped: Edge Hub App Usage
2024-12-19 03:14:18.145: [INFO][Sync] Stopped: Edge Tab Group
2024-12-19 03:14:18.145: [INFO][Sync] Stopped: Edge Wallet
2024-12-19 07:26:40.718: [INFO][Sync] Reset engine, reason: 0
2024-12-22 03:30:51.947: [INFO][Sync] Reset engine, reason: 8
2024-12-22 03:30:51.947: [INFO][Sync] Stopped: Bookmarks
2024-12-22 03:30:51.947: [INFO][Sync] Stopped: Preferences
2024-12-22 03:30:51.948: [INFO][Sync] Stopped: Passwords
2024-12-22 03:30:51.948: [INFO][Sync] Stopped: Autofill Profiles
2024-12-22 03:30:51.948: [INFO][Sync] Stopped: Autofill
2024-12-22 03:30:51.948: [INFO][Sync] Stopped: Typed URLs
2024-12-22 03:30:51.948: [INFO][Sync] Stopped: Extensions
2024-12-22 03:30:51.948: [INFO][Sync] Stopped: Sessions
2024-12-22 03:30:51.948: [INFO][Sync] Stopped: Extension settings
2024-12-22 03:30:51.948: [INFO][Sync] Stopped: History Delete Directives
2024-12-22 03:30:51.948: [INFO][Sync] Stopped: Device Info
2024-12-22 03:30:51.948: [INFO][Sync] Stopped: User Consents
2024-12-22 03:30:51.948: [INFO][Sync] Stopped: Send Tab To Self
2024-12-22 03:30:51.948: [INFO][Sync] Stopped: Web Apps
2024-12-22 03:30:51.948: [INFO][Sync] Stopped: History
2024-12-22 03:30:51.948: [INFO][Sync] Stopped: Collection
2024-12-22 03:30:51.948: [INFO][Sync] Stopped: Edge E Drop
2024-12-22 03:30:51.948: [INFO][Sync] Stopped: Edge Hub App Usage
2024-12-22 03:30:51.948: [INFO][Sync] Stopped: Edge Tab Group
2024-12-22 03:30:51.948: [INFO][Sync] Stopped: Edge Wallet
2024-12-22 03:30:51.948: [INFO][Sync] SyncState after authenticated was: NotSignedIn
2024-12-22 03:30:52.174: [INFO][Sync] Reset engine, reason: 8
2024-12-22 03:30:52.174: [INFO][Sync] Stopped: Bookmarks
2024-12-22 03:30:52.174: [INFO][Sync] Stopped: Preferences
2024-12-22 03:30:52.174: [INFO][Sync] Stopped: Passwords
2024-12-22 03:30:52.174: [INFO][Sync] Stopped: Autofill Profiles
2024-12-22 03:30:52.174: [INFO][Sync] Stopped: Autofill
2024-12-22 03:30:52.174: [INFO][Sync] Stopped: Typed URLs
2024-12-22 03:30:52.174: [INFO][Sync] Stopped: Extensions
2024-12-22 03:30:52.174: [INFO][Sync] Stopped: Sessions
2024-12-22 03:30:52.174: [INFO][Sync] Stopped: Extension settings
2024-12-22 03:30:52.174: [INFO][Sync] Stopped: History Delete Directives
2024-12-22 03:30:52.174: [INFO][Sync] Stopped: Device Info
2024-12-22 03:30:52.174: [INFO][Sync] Stopped: User Consents
2024-12-22 03:30:52.174: [INFO][Sync] Stopped: Send Tab To Self
2024-12-22 03:30:52.174: [INFO][Sync] Stopped: Web Apps
2024-12-22 03:30:52.174: [INFO][Sync] Stopped: History
2024-12-22 03:30:52.174: [INFO][Sync] Stopped: Collection
2024-12-22 03:30:52.174: [INFO][Sync] Stopped: Edge E Drop
2024-12-22 03:30:52.174: [INFO][Sync] Stopped: Edge Hub App Usage
2024-12-22 03:30:52.174: [INFO][Sync] Stopped: Edge Tab Group
2024-12-22 03:30:52.174: [INFO][Sync] Stopped: Edge Wallet
2024-12-22 06:15:54.072: [INFO][Sync] Reset engine, reason: 8
2024-12-22 06:15:54.072: [INFO][Sync] Stopped: Bookmarks
2024-12-22 06:15:54.072: [INFO][Sync] Stopped: Preferences
2024-12-22 06:15:54.072: [INFO][Sync] Stopped: Passwords
2024-12-22 06:15:54.072: [INFO][Sync] Stopped: Autofill Profiles
2024-12-22 06:15:54.072: [INFO][Sync] Stopped: Autofill
2024-12-22 06:15:54.072: [INFO][Sync] Stopped: Typed URLs
2024-12-22 06:15:54.072: [INFO][Sync] Stopped: Extensions
2024-12-22 06:15:54.072: [INFO][Sync] Stopped: Sessions
2024-12-22 06:15:54.072: [INFO][Sync] Stopped: Extension settings
2024-12-22 06:15:54.072: [INFO][Sync] Stopped: History Delete Directives
2024-12-22 06:15:54.072: [INFO][Sync] Stopped: Device Info
2024-12-22 06:15:54.072: [INFO][Sync] Stopped: User Consents
2024-12-22 06:15:54.072: [INFO][Sync] Stopped: Send Tab To Self
2024-12-22 06:15:54.072: [INFO][Sync] Stopped: Web Apps
2024-12-22 06:15:54.072: [INFO][Sync] Stopped: History
2024-12-22 06:15:54.072: [INFO][Sync] Stopped: Collection
2024-12-22 06:15:54.072: [INFO][Sync] Stopped: Edge E Drop
2024-12-22 06:15:54.072: [INFO][Sync] Stopped: Edge Hub App Usage
2024-12-22 06:15:54.072: [INFO][Sync] Stopped: Edge Tab Group
2024-12-22 06:15:54.072: [INFO][Sync] Stopped: Edge Wallet
2024-12-22 06:15:54.072: [INFO][Sync] SyncState after authenticated was: NotSignedIn
2024-12-22 06:15:54.327: [INFO][Sync] Reset engine, reason: 8
2024-12-22 06:15:54.327: [INFO][Sync] Stopped: Bookmarks
2024-12-22 06:15:54.327: [INFO][Sync] Stopped: Preferences
2024-12-22 06:15:54.327: [INFO][Sync] Stopped: Passwords
2024-12-22 06:15:54.327: [INFO][Sync] Stopped: Autofill Profiles
2024-12-22 06:15:54.327: [INFO][Sync] Stopped: Autofill
2024-12-22 06:15:54.327: [INFO][Sync] Stopped: Typed URLs
2024-12-22 06:15:54.327: [INFO][Sync] Stopped: Extensions
2024-12-22 06:15:54.327: [INFO][Sync] Stopped: Sessions
2024-12-22 06:15:54.327: [INFO][Sync] Stopped: Extension settings
2024-12-22 06:15:54.327: [INFO][Sync] Stopped: History Delete Directives
2024-12-22 06:15:54.327: [INFO][Sync] Stopped: Device Info
2024-12-22 06:15:54.327: [INFO][Sync] Stopped: User Consents
2024-12-22 06:15:54.327: [INFO][Sync] Stopped: Send Tab To Self
2024-12-22 06:15:54.327: [INFO][Sync] Stopped: Web Apps
2024-12-22 06:15:54.327: [INFO][Sync] Stopped: History
2024-12-22 06:15:54.327: [INFO][Sync] Stopped: Collection
2024-12-22 06:15:54.327: [INFO][Sync] Stopped: Edge E Drop
2024-12-22 06:15:54.327: [INFO][Sync] Stopped: Edge Hub App Usage
2024-12-22 06:15:54.327: [INFO][Sync] Stopped: Edge Tab Group
2024-12-22 06:15:54.327: [INFO][Sync] Stopped: Edge Wallet
2024-12-22 06:28:57.223: [INFO][Sync] Reset engine, reason: 0
2024-12-22 06:38:13.619: [INFO][Sync] Reset engine, reason: 8
2024-12-22 06:38:13.619: [INFO][Sync] Stopped: Bookmarks
2024-12-22 06:38:13.619: [INFO][Sync] Stopped: Preferences
2024-12-22 06:38:13.619: [INFO][Sync] Stopped: Passwords
2024-12-22 06:38:13.619: [INFO][Sync] Stopped: Autofill Profiles
2024-12-22 06:38:13.619: [INFO][Sync] Stopped: Autofill
2024-12-22 06:38:13.619: [INFO][Sync] Stopped: Typed URLs
2024-12-22 06:38:13.619: [INFO][Sync] Stopped: Extensions
2024-12-22 06:38:13.619: [INFO][Sync] Stopped: Sessions
2024-12-22 06:38:13.619: [INFO][Sync] Stopped: Extension settings
2024-12-22 06:38:13.619: [INFO][Sync] Stopped: History Delete Directives
2024-12-22 06:38:13.619: [INFO][Sync] Stopped: Device Info
2024-12-22 06:38:13.619: [INFO][Sync] Stopped: User Consents
2024-12-22 06:38:13.619: [INFO][Sync] Stopped: Send Tab To Self
2024-12-22 06:38:13.619: [INFO][Sync] Stopped: Web Apps
2024-12-22 06:38:13.619: [INFO][Sync] Stopped: History
2024-12-22 06:38:13.619: [INFO][Sync] Stopped: Collection
2024-12-22 06:38:13.619: [INFO][Sync] Stopped: Edge E Drop
2024-12-22 06:38:13.619: [INFO][Sync] Stopped: Edge Hub App Usage
2024-12-22 06:38:13.619: [INFO][Sync] Stopped: Edge Tab Group
2024-12-22 06:38:13.619: [INFO][Sync] Stopped: Edge Wallet
2024-12-22 06:38:13.619: [INFO][Sync] SyncState after authenticated was: NotSignedIn
2024-12-22 06:38:14.633: [INFO][Sync] Reset engine, reason: 8
2024-12-22 06:38:14.633: [INFO][Sync] Stopped: Bookmarks
2024-12-22 06:38:14.633: [INFO][Sync] Stopped: Preferences
2024-12-22 06:38:14.633: [INFO][Sync] Stopped: Passwords
2024-12-22 06:38:14.633: [INFO][Sync] Stopped: Autofill Profiles
2024-12-22 06:38:14.633: [INFO][Sync] Stopped: Autofill
2024-12-22 06:38:14.633: [INFO][Sync] Stopped: Typed URLs
2024-12-22 06:38:14.633: [INFO][Sync] Stopped: Extensions
2024-12-22 06:38:14.633: [INFO][Sync] Stopped: Sessions
2024-12-22 06:38:14.633: [INFO][Sync] Stopped: Extension settings
2024-12-22 06:38:14.633: [INFO][Sync] Stopped: History Delete Directives
2024-12-22 06:38:14.633: [INFO][Sync] Stopped: Device Info
2024-12-22 06:38:14.633: [INFO][Sync] Stopped: User Consents
2024-12-22 06:38:14.633: [INFO][Sync] Stopped: Send Tab To Self
2024-12-22 06:38:14.633: [INFO][Sync] Stopped: Web Apps
2024-12-22 06:38:14.633: [INFO][Sync] Stopped: History
2024-12-22 06:38:14.633: [INFO][Sync] Stopped: Collection
2024-12-22 06:38:14.633: [INFO][Sync] Stopped: Edge E Drop
2024-12-22 06:38:14.633: [INFO][Sync] Stopped: Edge Hub App Usage
2024-12-22 06:38:14.633: [INFO][Sync] Stopped: Edge Tab Group
2024-12-22 06:38:14.633: [INFO][Sync] Stopped: Edge Wallet
2024-12-23 02:25:33.613: [INFO][Sync] Reset engine, reason: 8
2024-12-23 02:25:33.613: [INFO][Sync] Stopped: Bookmarks
2024-12-23 02:25:33.613: [INFO][Sync] Stopped: Preferences
2024-12-23 02:25:33.613: [INFO][Sync] Stopped: Passwords
2024-12-23 02:25:33.613: [INFO][Sync] Stopped: Autofill Profiles
2024-12-23 02:25:33.613: [INFO][Sync] Stopped: Autofill
2024-12-23 02:25:33.613: [INFO][Sync] Stopped: Typed URLs
2024-12-23 02:25:33.613: [INFO][Sync] Stopped: Extensions
2024-12-23 02:25:33.613: [INFO][Sync] Stopped: Sessions
2024-12-23 02:25:33.613: [INFO][Sync] Stopped: Extension settings
2024-12-23 02:25:33.613: [INFO][Sync] Stopped: History Delete Directives
2024-12-23 02:25:33.613: [INFO][Sync] Stopped: Device Info
2024-12-23 02:25:33.613: [INFO][Sync] Stopped: User Consents
2024-12-23 02:25:33.613: [INFO][Sync] Stopped: Send Tab To Self
2024-12-23 02:25:33.613: [INFO][Sync] Stopped: Web Apps
2024-12-23 02:25:33.613: [INFO][Sync] Stopped: History
2024-12-23 02:25:33.613: [INFO][Sync] Stopped: Collection
2024-12-23 02:25:33.613: [INFO][Sync] Stopped: Edge E Drop
2024-12-23 02:25:33.613: [INFO][Sync] Stopped: Edge Hub App Usage
2024-12-23 02:25:33.613: [INFO][Sync] Stopped: Edge Tab Group
2024-12-23 02:25:33.613: [INFO][Sync] Stopped: Edge Wallet
2024-12-23 02:25:33.613: [INFO][Sync] SyncState after authenticated was: NotSignedIn
2024-12-23 02:25:33.893: [INFO][Sync] Reset engine, reason: 8
2024-12-23 02:25:33.893: [INFO][Sync] Stopped: Bookmarks
2024-12-23 02:25:33.893: [INFO][Sync] Stopped: Preferences
2024-12-23 02:25:33.893: [INFO][Sync] Stopped: Passwords
2024-12-23 02:25:33.893: [INFO][Sync] Stopped: Autofill Profiles
2024-12-23 02:25:33.893: [INFO][Sync] Stopped: Autofill
2024-12-23 02:25:33.893: [INFO][Sync] Stopped: Typed URLs
2024-12-23 02:25:33.893: [INFO][Sync] Stopped: Extensions
2024-12-23 02:25:33.893: [INFO][Sync] Stopped: Sessions
2024-12-23 02:25:33.893: [INFO][Sync] Stopped: Extension settings
2024-12-23 02:25:33.893: [INFO][Sync] Stopped: History Delete Directives
2024-12-23 02:25:33.893: [INFO][Sync] Stopped: Device Info
2024-12-23 02:25:33.893: [INFO][Sync] Stopped: User Consents
2024-12-23 02:25:33.893: [INFO][Sync] Stopped: Send Tab To Self
2024-12-23 02:25:33.893: [INFO][Sync] Stopped: Web Apps
2024-12-23 02:25:33.893: [INFO][Sync] Stopped: History
2024-12-23 02:25:33.893: [INFO][Sync] Stopped: Collection
2024-12-23 02:25:33.893: [INFO][Sync] Stopped: Edge E Drop
2024-12-23 02:25:33.893: [INFO][Sync] Stopped: Edge Hub App Usage
2024-12-23 02:25:33.893: [INFO][Sync] Stopped: Edge Tab Group
2024-12-23 02:25:33.893: [INFO][Sync] Stopped: Edge Wallet
2024-12-23 06:35:06.529: [INFO][Sync] Reset engine, reason: 8
2024-12-23 06:35:06.529: [INFO][Sync] Stopped: Bookmarks
2024-12-23 06:35:06.529: [INFO][Sync] Stopped: Preferences
2024-12-23 06:35:06.529: [INFO][Sync] Stopped: Passwords
2024-12-23 06:35:06.529: [INFO][Sync] Stopped: Autofill Profiles
2024-12-23 06:35:06.529: [INFO][Sync] Stopped: Autofill
2024-12-23 06:35:06.529: [INFO][Sync] Stopped: Typed URLs
2024-12-23 06:35:06.529: [INFO][Sync] Stopped: Extensions
2024-12-23 06:35:06.529: [INFO][Sync] Stopped: Sessions
2024-12-23 06:35:06.529: [INFO][Sync] Stopped: Extension settings
2024-12-23 06:35:06.529: [INFO][Sync] Stopped: History Delete Directives
2024-12-23 06:35:06.529: [INFO][Sync] Stopped: Device Info
2024-12-23 06:35:06.529: [INFO][Sync] Stopped: User Consents
2024-12-23 06:35:06.529: [INFO][Sync] Stopped: Send Tab To Self
2024-12-23 06:35:06.529: [INFO][Sync] Stopped: Web Apps
2024-12-23 06:35:06.529: [INFO][Sync] Stopped: History
2024-12-23 06:35:06.529: [INFO][Sync] Stopped: Collection
2024-12-23 06:35:06.529: [INFO][Sync] Stopped: Edge E Drop
2024-12-23 06:35:06.529: [INFO][Sync] Stopped: Edge Hub App Usage
2024-12-23 06:35:06.529: [INFO][Sync] Stopped: Edge Tab Group
2024-12-23 06:35:06.529: [INFO][Sync] Stopped: Edge Wallet
2024-12-23 06:35:06.529: [INFO][Sync] SyncState after authenticated was: NotSignedIn
2024-12-23 06:35:06.798: [INFO][Sync] Reset engine, reason: 8
2024-12-23 06:35:06.798: [INFO][Sync] Stopped: Bookmarks
2024-12-23 06:35:06.798: [INFO][Sync] Stopped: Preferences
2024-12-23 06:35:06.798: [INFO][Sync] Stopped: Passwords
2024-12-23 06:35:06.798: [INFO][Sync] Stopped: Autofill Profiles
2024-12-23 06:35:06.798: [INFO][Sync] Stopped: Autofill
2024-12-23 06:35:06.798: [INFO][Sync] Stopped: Typed URLs
2024-12-23 06:35:06.798: [INFO][Sync] Stopped: Extensions
2024-12-23 06:35:06.798: [INFO][Sync] Stopped: Sessions
2024-12-23 06:35:06.798: [INFO][Sync] Stopped: Extension settings
2024-12-23 06:35:06.798: [INFO][Sync] Stopped: History Delete Directives
2024-12-23 06:35:06.798: [INFO][Sync] Stopped: Device Info
2024-12-23 06:35:06.798: [INFO][Sync] Stopped: User Consents
2024-12-23 06:35:06.798: [INFO][Sync] Stopped: Send Tab To Self
2024-12-23 06:35:06.798: [INFO][Sync] Stopped: Web Apps
2024-12-23 06:35:06.798: [INFO][Sync] Stopped: History
2024-12-23 06:35:06.798: [INFO][Sync] Stopped: Collection
2024-12-23 06:35:06.798: [INFO][Sync] Stopped: Edge E Drop
2024-12-23 06:35:06.798: [INFO][Sync] Stopped: Edge Hub App Usage
2024-12-23 06:35:06.798: [INFO][Sync] Stopped: Edge Tab Group
2024-12-23 06:35:06.798: [INFO][Sync] Stopped: Edge Wallet
2025-01-02 03:23:38.737: [INFO][Sync] Reset engine, reason: 8
2025-01-02 03:23:38.737: [INFO][Sync] Stopped: Bookmarks
2025-01-02 03:23:38.737: [INFO][Sync] Stopped: Preferences
2025-01-02 03:23:38.737: [INFO][Sync] Stopped: Passwords
2025-01-02 03:23:38.737: [INFO][Sync] Stopped: Autofill Profiles
2025-01-02 03:23:38.737: [INFO][Sync] Stopped: Autofill
2025-01-02 03:23:38.737: [INFO][Sync] Stopped: Typed URLs
2025-01-02 03:23:38.737: [INFO][Sync] Stopped: Extensions
2025-01-02 03:23:38.737: [INFO][Sync] Stopped: Sessions
2025-01-02 03:23:38.737: [INFO][Sync] Stopped: Extension settings
2025-01-02 03:23:38.737: [INFO][Sync] Stopped: History Delete Directives
2025-01-02 03:23:38.737: [INFO][Sync] Stopped: Device Info
2025-01-02 03:23:38.737: [INFO][Sync] Stopped: User Consents
2025-01-02 03:23:38.737: [INFO][Sync] Stopped: Send Tab To Self
2025-01-02 03:23:38.737: [INFO][Sync] Stopped: Web Apps
2025-01-02 03:23:38.737: [INFO][Sync] Stopped: History
2025-01-02 03:23:38.737: [INFO][Sync] Stopped: Collection
2025-01-02 03:23:38.737: [INFO][Sync] Stopped: Edge E Drop
2025-01-02 03:23:38.737: [INFO][Sync] Stopped: Edge Hub App Usage
2025-01-02 03:23:38.737: [INFO][Sync] Stopped: Edge Tab Group
2025-01-02 03:23:38.737: [INFO][Sync] Stopped: Edge Wallet
2025-01-02 03:23:38.737: [INFO][Sync] SyncState after authenticated was: NotSignedIn
2025-01-02 03:23:38.960: [INFO][Sync] Reset engine, reason: 8
2025-01-02 03:23:38.960: [INFO][Sync] Stopped: Bookmarks
2025-01-02 03:23:38.960: [INFO][Sync] Stopped: Preferences
2025-01-02 03:23:38.960: [INFO][Sync] Stopped: Passwords
2025-01-02 03:23:38.960: [INFO][Sync] Stopped: Autofill Profiles
2025-01-02 03:23:38.960: [INFO][Sync] Stopped: Autofill
2025-01-02 03:23:38.960: [INFO][Sync] Stopped: Typed URLs
2025-01-02 03:23:38.960: [INFO][Sync] Stopped: Extensions
2025-01-02 03:23:38.960: [INFO][Sync] Stopped: Sessions
2025-01-02 03:23:38.960: [INFO][Sync] Stopped: Extension settings
2025-01-02 03:23:38.960: [INFO][Sync] Stopped: History Delete Directives
2025-01-02 03:23:38.960: [INFO][Sync] Stopped: Device Info
2025-01-02 03:23:38.960: [INFO][Sync] Stopped: User Consents
2025-01-02 03:23:38.960: [INFO][Sync] Stopped: Send Tab To Self
2025-01-02 03:23:38.960: [INFO][Sync] Stopped: Web Apps
2025-01-02 03:23:38.960: [INFO][Sync] Stopped: History
2025-01-02 03:23:38.960: [INFO][Sync] Stopped: Collection
2025-01-02 03:23:38.960: [INFO][Sync] Stopped: Edge E Drop
2025-01-02 03:23:38.960: [INFO][Sync] Stopped: Edge Hub App Usage
2025-01-02 03:23:38.960: [INFO][Sync] Stopped: Edge Tab Group
2025-01-02 03:23:38.960: [INFO][Sync] Stopped: Edge Wallet
2025-01-02 03:31:02.448: [INFO][Sync] Reset engine, reason: 8
2025-01-02 03:31:02.448: [INFO][Sync] Stopped: Bookmarks
2025-01-02 03:31:02.448: [INFO][Sync] Stopped: Preferences
2025-01-02 03:31:02.448: [INFO][Sync] Stopped: Passwords
2025-01-02 03:31:02.448: [INFO][Sync] Stopped: Autofill Profiles
2025-01-02 03:31:02.448: [INFO][Sync] Stopped: Autofill
2025-01-02 03:31:02.448: [INFO][Sync] Stopped: Typed URLs
2025-01-02 03:31:02.448: [INFO][Sync] Stopped: Extensions
2025-01-02 03:31:02.448: [INFO][Sync] Stopped: Sessions
2025-01-02 03:31:02.448: [INFO][Sync] Stopped: Extension settings
2025-01-02 03:31:02.448: [INFO][Sync] Stopped: History Delete Directives
2025-01-02 03:31:02.448: [INFO][Sync] Stopped: Device Info
2025-01-02 03:31:02.448: [INFO][Sync] Stopped: User Consents
2025-01-02 03:31:02.448: [INFO][Sync] Stopped: Send Tab To Self
2025-01-02 03:31:02.448: [INFO][Sync] Stopped: Web Apps
2025-01-02 03:31:02.448: [INFO][Sync] Stopped: History
2025-01-02 03:31:02.448: [INFO][Sync] Stopped: Collection
2025-01-02 03:31:02.448: [INFO][Sync] Stopped: Edge E Drop
2025-01-02 03:31:02.448: [INFO][Sync] Stopped: Edge Hub App Usage
2025-01-02 03:31:02.448: [INFO][Sync] Stopped: Edge Tab Group
2025-01-02 03:31:02.448: [INFO][Sync] Stopped: Edge Wallet
2025-01-02 03:31:02.448: [INFO][Sync] SyncState after authenticated was: NotSignedIn
2025-01-02 03:31:02.789: [INFO][Sync] Reset engine, reason: 8
2025-01-02 03:31:02.789: [INFO][Sync] Stopped: Bookmarks
2025-01-02 03:31:02.789: [INFO][Sync] Stopped: Preferences
2025-01-02 03:31:02.789: [INFO][Sync] Stopped: Passwords
2025-01-02 03:31:02.789: [INFO][Sync] Stopped: Autofill Profiles
2025-01-02 03:31:02.789: [INFO][Sync] Stopped: Autofill
2025-01-02 03:31:02.789: [INFO][Sync] Stopped: Typed URLs
2025-01-02 03:31:02.789: [INFO][Sync] Stopped: Extensions
2025-01-02 03:31:02.789: [INFO][Sync] Stopped: Sessions
2025-01-02 03:31:02.789: [INFO][Sync] Stopped: Extension settings
2025-01-02 03:31:02.789: [INFO][Sync] Stopped: History Delete Directives
2025-01-02 03:31:02.789: [INFO][Sync] Stopped: Device Info
2025-01-02 03:31:02.789: [INFO][Sync] Stopped: User Consents
2025-01-02 03:31:02.789: [INFO][Sync] Stopped: Send Tab To Self
2025-01-02 03:31:02.789: [INFO][Sync] Stopped: Web Apps
2025-01-02 03:31:02.789: [INFO][Sync] Stopped: History
2025-01-02 03:31:02.789: [INFO][Sync] Stopped: Collection
2025-01-02 03:31:02.789: [INFO][Sync] Stopped: Edge E Drop
2025-01-02 03:31:02.789: [INFO][Sync] Stopped: Edge Hub App Usage
2025-01-02 03:31:02.789: [INFO][Sync] Stopped: Edge Tab Group
2025-01-02 03:31:02.789: [INFO][Sync] Stopped: Edge Wallet
2025-01-02 03:39:01.442: [INFO][Sync] Reset engine, reason: 8
2025-01-02 03:39:01.442: [INFO][Sync] Stopped: Bookmarks
2025-01-02 03:39:01.442: [INFO][Sync] Stopped: Preferences
2025-01-02 03:39:01.442: [INFO][Sync] Stopped: Passwords
2025-01-02 03:39:01.442: [INFO][Sync] Stopped: Autofill Profiles
2025-01-02 03:39:01.442: [INFO][Sync] Stopped: Autofill
2025-01-02 03:39:01.442: [INFO][Sync] Stopped: Typed URLs
2025-01-02 03:39:01.442: [INFO][Sync] Stopped: Extensions
2025-01-02 03:39:01.442: [INFO][Sync] Stopped: Sessions
2025-01-02 03:39:01.442: [INFO][Sync] Stopped: Extension settings
2025-01-02 03:39:01.442: [INFO][Sync] Stopped: History Delete Directives
2025-01-02 03:39:01.442: [INFO][Sync] Stopped: Device Info
2025-01-02 03:39:01.442: [INFO][Sync] Stopped: User Consents
2025-01-02 03:39:01.442: [INFO][Sync] Stopped: Send Tab To Self
2025-01-02 03:39:01.442: [INFO][Sync] Stopped: Web Apps
2025-01-02 03:39:01.442: [INFO][Sync] Stopped: History
2025-01-02 03:39:01.442: [INFO][Sync] Stopped: Collection
2025-01-02 03:39:01.442: [INFO][Sync] Stopped: Edge E Drop
2025-01-02 03:39:01.442: [INFO][Sync] Stopped: Edge Hub App Usage
2025-01-02 03:39:01.442: [INFO][Sync] Stopped: Edge Tab Group
2025-01-02 03:39:01.442: [INFO][Sync] Stopped: Edge Wallet
2025-01-02 03:39:01.442: [INFO][Sync] SyncState after authenticated was: NotSignedIn
2025-01-02 03:39:01.658: [INFO][Sync] Reset engine, reason: 8
2025-01-02 03:39:01.658: [INFO][Sync] Stopped: Bookmarks
2025-01-02 03:39:01.658: [INFO][Sync] Stopped: Preferences
2025-01-02 03:39:01.658: [INFO][Sync] Stopped: Passwords
2025-01-02 03:39:01.658: [INFO][Sync] Stopped: Autofill Profiles
2025-01-02 03:39:01.658: [INFO][Sync] Stopped: Autofill
2025-01-02 03:39:01.658: [INFO][Sync] Stopped: Typed URLs
2025-01-02 03:39:01.658: [INFO][Sync] Stopped: Extensions
2025-01-02 03:39:01.658: [INFO][Sync] Stopped: Sessions
2025-01-02 03:39:01.658: [INFO][Sync] Stopped: Extension settings
2025-01-02 03:39:01.658: [INFO][Sync] Stopped: History Delete Directives
2025-01-02 03:39:01.658: [INFO][Sync] Stopped: Device Info
2025-01-02 03:39:01.658: [INFO][Sync] Stopped: User Consents
2025-01-02 03:39:01.658: [INFO][Sync] Stopped: Send Tab To Self
2025-01-02 03:39:01.658: [INFO][Sync] Stopped: Web Apps
2025-01-02 03:39:01.658: [INFO][Sync] Stopped: History
2025-01-02 03:39:01.658: [INFO][Sync] Stopped: Collection
2025-01-02 03:39:01.658: [INFO][Sync] Stopped: Edge E Drop
2025-01-02 03:39:01.658: [INFO][Sync] Stopped: Edge Hub App Usage
2025-01-02 03:39:01.658: [INFO][Sync] Stopped: Edge Tab Group
2025-01-02 03:39:01.658: [INFO][Sync] Stopped: Edge Wallet
2025-01-02 09:10:23.172: [INFO][Sync] Reset engine, reason: 8
2025-01-02 09:10:23.172: [INFO][Sync] Stopped: Bookmarks
2025-01-02 09:10:23.172: [INFO][Sync] Stopped: Preferences
2025-01-02 09:10:23.172: [INFO][Sync] Stopped: Passwords
2025-01-02 09:10:23.172: [INFO][Sync] Stopped: Autofill Profiles
2025-01-02 09:10:23.172: [INFO][Sync] Stopped: Autofill
2025-01-02 09:10:23.172: [INFO][Sync] Stopped: Typed URLs
2025-01-02 09:10:23.172: [INFO][Sync] Stopped: Extensions
2025-01-02 09:10:23.172: [INFO][Sync] Stopped: Sessions
2025-01-02 09:10:23.172: [INFO][Sync] Stopped: Extension settings
2025-01-02 09:10:23.172: [INFO][Sync] Stopped: History Delete Directives
2025-01-02 09:10:23.172: [INFO][Sync] Stopped: Device Info
2025-01-02 09:10:23.172: [INFO][Sync] Stopped: User Consents
2025-01-02 09:10:23.172: [INFO][Sync] Stopped: Send Tab To Self
2025-01-02 09:10:23.172: [INFO][Sync] Stopped: Web Apps
2025-01-02 09:10:23.172: [INFO][Sync] Stopped: History
2025-01-02 09:10:23.172: [INFO][Sync] Stopped: Collection
2025-01-02 09:10:23.172: [INFO][Sync] Stopped: Edge E Drop
2025-01-02 09:10:23.172: [INFO][Sync] Stopped: Edge Hub App Usage
2025-01-02 09:10:23.172: [INFO][Sync] Stopped: Edge Tab Group
2025-01-02 09:10:23.172: [INFO][Sync] Stopped: Edge Wallet
2025-01-02 09:10:23.172: [INFO][Sync] SyncState after authenticated was: NotSignedIn
2025-01-02 09:10:23.396: [INFO][Sync] Reset engine, reason: 8
2025-01-02 09:10:23.396: [INFO][Sync] Stopped: Bookmarks
2025-01-02 09:10:23.396: [INFO][Sync] Stopped: Preferences
2025-01-02 09:10:23.396: [INFO][Sync] Stopped: Passwords
2025-01-02 09:10:23.396: [INFO][Sync] Stopped: Autofill Profiles
2025-01-02 09:10:23.396: [INFO][Sync] Stopped: Autofill
2025-01-02 09:10:23.396: [INFO][Sync] Stopped: Typed URLs
2025-01-02 09:10:23.396: [INFO][Sync] Stopped: Extensions
2025-01-02 09:10:23.396: [INFO][Sync] Stopped: Sessions
2025-01-02 09:10:23.396: [INFO][Sync] Stopped: Extension settings
2025-01-02 09:10:23.396: [INFO][Sync] Stopped: History Delete Directives
2025-01-02 09:10:23.396: [INFO][Sync] Stopped: Device Info
2025-01-02 09:10:23.396: [INFO][Sync] Stopped: User Consents
2025-01-02 09:10:23.396: [INFO][Sync] Stopped: Send Tab To Self
2025-01-02 09:10:23.396: [INFO][Sync] Stopped: Web Apps
2025-01-02 09:10:23.396: [INFO][Sync] Stopped: History
2025-01-02 09:10:23.396: [INFO][Sync] Stopped: Collection
2025-01-02 09:10:23.396: [INFO][Sync] Stopped: Edge E Drop
2025-01-02 09:10:23.397: [INFO][Sync] Stopped: Edge Hub App Usage
2025-01-02 09:10:23.397: [INFO][Sync] Stopped: Edge Tab Group
2025-01-02 09:10:23.397: [INFO][Sync] Stopped: Edge Wallet
2025-01-04 02:45:32.055: [INFO][Sync] Reset engine, reason: 8
2025-01-04 02:45:32.055: [INFO][Sync] Stopped: Bookmarks
2025-01-04 02:45:32.055: [INFO][Sync] Stopped: Preferences
2025-01-04 02:45:32.055: [INFO][Sync] Stopped: Passwords
2025-01-04 02:45:32.055: [INFO][Sync] Stopped: Autofill Profiles
2025-01-04 02:45:32.055: [INFO][Sync] Stopped: Autofill
2025-01-04 02:45:32.055: [INFO][Sync] Stopped: Typed URLs
2025-01-04 02:45:32.055: [INFO][Sync] Stopped: Extensions
2025-01-04 02:45:32.055: [INFO][Sync] Stopped: Sessions
2025-01-04 02:45:32.055: [INFO][Sync] Stopped: Extension settings
2025-01-04 02:45:32.055: [INFO][Sync] Stopped: History Delete Directives
2025-01-04 02:45:32.055: [INFO][Sync] Stopped: Device Info
2025-01-04 02:45:32.055: [INFO][Sync] Stopped: User Consents
2025-01-04 02:45:32.055: [INFO][Sync] Stopped: Send Tab To Self
2025-01-04 02:45:32.055: [INFO][Sync] Stopped: Web Apps
2025-01-04 02:45:32.055: [INFO][Sync] Stopped: History
2025-01-04 02:45:32.055: [INFO][Sync] Stopped: Collection
2025-01-04 02:45:32.055: [INFO][Sync] Stopped: Edge E Drop
2025-01-04 02:45:32.055: [INFO][Sync] Stopped: Edge Hub App Usage
2025-01-04 02:45:32.055: [INFO][Sync] Stopped: Edge Tab Group
2025-01-04 02:45:32.055: [INFO][Sync] Stopped: Edge Wallet
2025-01-04 02:45:32.055: [INFO][Sync] SyncState after authenticated was: NotSignedIn
2025-01-04 02:45:32.307: [INFO][Sync] Reset engine, reason: 8
2025-01-04 02:45:32.307: [INFO][Sync] Stopped: Bookmarks
2025-01-04 02:45:32.307: [INFO][Sync] Stopped: Preferences
2025-01-04 02:45:32.307: [INFO][Sync] Stopped: Passwords
2025-01-04 02:45:32.307: [INFO][Sync] Stopped: Autofill Profiles
2025-01-04 02:45:32.307: [INFO][Sync] Stopped: Autofill
2025-01-04 02:45:32.307: [INFO][Sync] Stopped: Typed URLs
2025-01-04 02:45:32.307: [INFO][Sync] Stopped: Extensions
2025-01-04 02:45:32.307: [INFO][Sync] Stopped: Sessions
2025-01-04 02:45:32.307: [INFO][Sync] Stopped: Extension settings
2025-01-04 02:45:32.307: [INFO][Sync] Stopped: History Delete Directives
2025-01-04 02:45:32.307: [INFO][Sync] Stopped: Device Info
2025-01-04 02:45:32.307: [INFO][Sync] Stopped: User Consents
2025-01-04 02:45:32.307: [INFO][Sync] Stopped: Send Tab To Self
2025-01-04 02:45:32.307: [INFO][Sync] Stopped: Web Apps
2025-01-04 02:45:32.307: [INFO][Sync] Stopped: History
2025-01-04 02:45:32.307: [INFO][Sync] Stopped: Collection
2025-01-04 02:45:32.307: [INFO][Sync] Stopped: Edge E Drop
2025-01-04 02:45:32.307: [INFO][Sync] Stopped: Edge Hub App Usage
2025-01-04 02:45:32.307: [INFO][Sync] Stopped: Edge Tab Group
2025-01-04 02:45:32.307: [INFO][Sync] Stopped: Edge Wallet
2025-01-04 04:05:15.677: [INFO][Sync] Reset engine, reason: 8
2025-01-04 04:05:15.677: [INFO][Sync] Stopped: Bookmarks
2025-01-04 04:05:15.677: [INFO][Sync] Stopped: Preferences
2025-01-04 04:05:15.677: [INFO][Sync] Stopped: Passwords
2025-01-04 04:05:15.677: [INFO][Sync] Stopped: Autofill Profiles
2025-01-04 04:05:15.677: [INFO][Sync] Stopped: Autofill
2025-01-04 04:05:15.677: [INFO][Sync] Stopped: Typed URLs
2025-01-04 04:05:15.677: [INFO][Sync] Stopped: Extensions
2025-01-04 04:05:15.677: [INFO][Sync] Stopped: Sessions
2025-01-04 04:05:15.677: [INFO][Sync] Stopped: Extension settings
2025-01-04 04:05:15.677: [INFO][Sync] Stopped: History Delete Directives
2025-01-04 04:05:15.677: [INFO][Sync] Stopped: Device Info
2025-01-04 04:05:15.677: [INFO][Sync] Stopped: User Consents
2025-01-04 04:05:15.677: [INFO][Sync] Stopped: Send Tab To Self
2025-01-04 04:05:15.677: [INFO][Sync] Stopped: Web Apps
2025-01-04 04:05:15.677: [INFO][Sync] Stopped: History
2025-01-04 04:05:15.677: [INFO][Sync] Stopped: Collection
2025-01-04 04:05:15.677: [INFO][Sync] Stopped: Edge E Drop
2025-01-04 04:05:15.677: [INFO][Sync] Stopped: Edge Hub App Usage
2025-01-04 04:05:15.677: [INFO][Sync] Stopped: Edge Tab Group
2025-01-04 04:05:15.677: [INFO][Sync] Stopped: Edge Wallet
2025-01-04 04:05:15.677: [INFO][Sync] SyncState after authenticated was: NotSignedIn
2025-01-04 04:05:15.895: [INFO][Sync] Reset engine, reason: 8
2025-01-04 04:05:15.895: [INFO][Sync] Stopped: Bookmarks
2025-01-04 04:05:15.895: [INFO][Sync] Stopped: Preferences
2025-01-04 04:05:15.895: [INFO][Sync] Stopped: Passwords
2025-01-04 04:05:15.895: [INFO][Sync] Stopped: Autofill Profiles
2025-01-04 04:05:15.895: [INFO][Sync] Stopped: Autofill
2025-01-04 04:05:15.895: [INFO][Sync] Stopped: Typed URLs
2025-01-04 04:05:15.895: [INFO][Sync] Stopped: Extensions
2025-01-04 04:05:15.895: [INFO][Sync] Stopped: Sessions
2025-01-04 04:05:15.895: [INFO][Sync] Stopped: Extension settings
2025-01-04 04:05:15.895: [INFO][Sync] Stopped: History Delete Directives
2025-01-04 04:05:15.895: [INFO][Sync] Stopped: Device Info
2025-01-04 04:05:15.895: [INFO][Sync] Stopped: User Consents
2025-01-04 04:05:15.895: [INFO][Sync] Stopped: Send Tab To Self
2025-01-04 04:05:15.895: [INFO][Sync] Stopped: Web Apps
2025-01-04 04:05:15.895: [INFO][Sync] Stopped: History
2025-01-04 04:05:15.895: [INFO][Sync] Stopped: Collection
2025-01-04 04:05:15.895: [INFO][Sync] Stopped: Edge E Drop
2025-01-04 04:05:15.895: [INFO][Sync] Stopped: Edge Hub App Usage
2025-01-04 04:05:15.895: [INFO][Sync] Stopped: Edge Tab Group
2025-01-04 04:05:15.895: [INFO][Sync] Stopped: Edge Wallet
2025-01-04 04:08:03.636: [INFO][Sync] Reset engine, reason: 8
2025-01-04 04:08:03.636: [INFO][Sync] Stopped: Bookmarks
2025-01-04 04:08:03.636: [INFO][Sync] Stopped: Preferences
2025-01-04 04:08:03.636: [INFO][Sync] Stopped: Passwords
2025-01-04 04:08:03.636: [INFO][Sync] Stopped: Autofill Profiles
2025-01-04 04:08:03.636: [INFO][Sync] Stopped: Autofill
2025-01-04 04:08:03.636: [INFO][Sync] Stopped: Typed URLs
2025-01-04 04:08:03.636: [INFO][Sync] Stopped: Extensions
2025-01-04 04:08:03.636: [INFO][Sync] Stopped: Sessions
2025-01-04 04:08:03.636: [INFO][Sync] Stopped: Extension settings
2025-01-04 04:08:03.636: [INFO][Sync] Stopped: History Delete Directives
2025-01-04 04:08:03.636: [INFO][Sync] Stopped: Device Info
2025-01-04 04:08:03.636: [INFO][Sync] Stopped: User Consents
2025-01-04 04:08:03.636: [INFO][Sync] Stopped: Send Tab To Self
2025-01-04 04:08:03.636: [INFO][Sync] Stopped: Web Apps
2025-01-04 04:08:03.636: [INFO][Sync] Stopped: History
2025-01-04 04:08:03.636: [INFO][Sync] Stopped: Collection
2025-01-04 04:08:03.636: [INFO][Sync] Stopped: Edge E Drop
2025-01-04 04:08:03.636: [INFO][Sync] Stopped: Edge Hub App Usage
2025-01-04 04:08:03.636: [INFO][Sync] Stopped: Edge Tab Group
2025-01-04 04:08:03.636: [INFO][Sync] Stopped: Edge Wallet
2025-01-04 04:08:03.636: [INFO][Sync] SyncState after authenticated was: NotSignedIn
2025-01-04 04:08:03.820: [INFO][Sync] Reset engine, reason: 8
2025-01-04 04:08:03.820: [INFO][Sync] Stopped: Bookmarks
2025-01-04 04:08:03.820: [INFO][Sync] Stopped: Preferences
2025-01-04 04:08:03.820: [INFO][Sync] Stopped: Passwords
2025-01-04 04:08:03.820: [INFO][Sync] Stopped: Autofill Profiles
2025-01-04 04:08:03.820: [INFO][Sync] Stopped: Autofill
2025-01-04 04:08:03.820: [INFO][Sync] Stopped: Typed URLs
2025-01-04 04:08:03.820: [INFO][Sync] Stopped: Extensions
2025-01-04 04:08:03.820: [INFO][Sync] Stopped: Sessions
2025-01-04 04:08:03.820: [INFO][Sync] Stopped: Extension settings
2025-01-04 04:08:03.820: [INFO][Sync] Stopped: History Delete Directives
2025-01-04 04:08:03.820: [INFO][Sync] Stopped: Device Info
2025-01-04 04:08:03.820: [INFO][Sync] Stopped: User Consents
2025-01-04 04:08:03.820: [INFO][Sync] Stopped: Send Tab To Self
2025-01-04 04:08:03.820: [INFO][Sync] Stopped: Web Apps
2025-01-04 04:08:03.820: [INFO][Sync] Stopped: History
2025-01-04 04:08:03.820: [INFO][Sync] Stopped: Collection
2025-01-04 04:08:03.820: [INFO][Sync] Stopped: Edge E Drop
2025-01-04 04:08:03.820: [INFO][Sync] Stopped: Edge Hub App Usage
2025-01-04 04:08:03.820: [INFO][Sync] Stopped: Edge Tab Group
2025-01-04 04:08:03.820: [INFO][Sync] Stopped: Edge Wallet
2025-01-04 04:17:26.834: [INFO][Sync] Reset engine, reason: 8
2025-01-04 04:17:26.834: [INFO][Sync] Stopped: Bookmarks
2025-01-04 04:17:26.834: [INFO][Sync] Stopped: Preferences
2025-01-04 04:17:26.834: [INFO][Sync] Stopped: Passwords
2025-01-04 04:17:26.834: [INFO][Sync] Stopped: Autofill Profiles
2025-01-04 04:17:26.834: [INFO][Sync] Stopped: Autofill
2025-01-04 04:17:26.834: [INFO][Sync] Stopped: Typed URLs
2025-01-04 04:17:26.834: [INFO][Sync] Stopped: Extensions
2025-01-04 04:17:26.834: [INFO][Sync] Stopped: Sessions
2025-01-04 04:17:26.834: [INFO][Sync] Stopped: Extension settings
2025-01-04 04:17:26.834: [INFO][Sync] Stopped: History Delete Directives
2025-01-04 04:17:26.834: [INFO][Sync] Stopped: Device Info
2025-01-04 04:17:26.834: [INFO][Sync] Stopped: User Consents
2025-01-04 04:17:26.834: [INFO][Sync] Stopped: Send Tab To Self
2025-01-04 04:17:26.834: [INFO][Sync] Stopped: Web Apps
2025-01-04 04:17:26.834: [INFO][Sync] Stopped: History
2025-01-04 04:17:26.834: [INFO][Sync] Stopped: Collection
2025-01-04 04:17:26.834: [INFO][Sync] Stopped: Edge E Drop
2025-01-04 04:17:26.834: [INFO][Sync] Stopped: Edge Hub App Usage
2025-01-04 04:17:26.834: [INFO][Sync] Stopped: Edge Tab Group
2025-01-04 04:17:26.834: [INFO][Sync] Stopped: Edge Wallet
2025-01-04 04:17:26.834: [INFO][Sync] SyncState after authenticated was: NotSignedIn
2025-01-04 04:17:27.149: [INFO][Sync] Reset engine, reason: 8
2025-01-04 04:17:27.149: [INFO][Sync] Stopped: Bookmarks
2025-01-04 04:17:27.149: [INFO][Sync] Stopped: Preferences
2025-01-04 04:17:27.149: [INFO][Sync] Stopped: Passwords
2025-01-04 04:17:27.149: [INFO][Sync] Stopped: Autofill Profiles
2025-01-04 04:17:27.149: [INFO][Sync] Stopped: Autofill
2025-01-04 04:17:27.149: [INFO][Sync] Stopped: Typed URLs
2025-01-04 04:17:27.149: [INFO][Sync] Stopped: Extensions
2025-01-04 04:17:27.149: [INFO][Sync] Stopped: Sessions
2025-01-04 04:17:27.149: [INFO][Sync] Stopped: Extension settings
2025-01-04 04:17:27.149: [INFO][Sync] Stopped: History Delete Directives
2025-01-04 04:17:27.149: [INFO][Sync] Stopped: Device Info
2025-01-04 04:17:27.149: [INFO][Sync] Stopped: User Consents
2025-01-04 04:17:27.149: [INFO][Sync] Stopped: Send Tab To Self
2025-01-04 04:17:27.149: [INFO][Sync] Stopped: Web Apps
2025-01-04 04:17:27.149: [INFO][Sync] Stopped: History
2025-01-04 04:17:27.149: [INFO][Sync] Stopped: Collection
2025-01-04 04:17:27.149: [INFO][Sync] Stopped: Edge E Drop
2025-01-04 04:17:27.149: [INFO][Sync] Stopped: Edge Hub App Usage
2025-01-04 04:17:27.149: [INFO][Sync] Stopped: Edge Tab Group
2025-01-04 04:17:27.149: [INFO][Sync] Stopped: Edge Wallet
2025-01-07 02:14:58.386: [INFO][Sync] Reset engine, reason: 8
2025-01-07 02:14:58.386: [INFO][Sync] Stopped: Bookmarks
2025-01-07 02:14:58.386: [INFO][Sync] Stopped: Preferences
2025-01-07 02:14:58.386: [INFO][Sync] Stopped: Passwords
2025-01-07 02:14:58.386: [INFO][Sync] Stopped: Autofill Profiles
2025-01-07 02:14:58.386: [INFO][Sync] Stopped: Autofill
2025-01-07 02:14:58.386: [INFO][Sync] Stopped: Typed URLs
2025-01-07 02:14:58.386: [INFO][Sync] Stopped: Extensions
2025-01-07 02:14:58.386: [INFO][Sync] Stopped: Sessions
2025-01-07 02:14:58.386: [INFO][Sync] Stopped: Extension settings
2025-01-07 02:14:58.386: [INFO][Sync] Stopped: History Delete Directives
2025-01-07 02:14:58.386: [INFO][Sync] Stopped: Device Info
2025-01-07 02:14:58.386: [INFO][Sync] Stopped: User Consents
2025-01-07 02:14:58.386: [INFO][Sync] Stopped: Send Tab To Self
2025-01-07 02:14:58.386: [INFO][Sync] Stopped: Web Apps
2025-01-07 02:14:58.386: [INFO][Sync] Stopped: History
2025-01-07 02:14:58.386: [INFO][Sync] Stopped: Collection
2025-01-07 02:14:58.386: [INFO][Sync] Stopped: Edge E Drop
2025-01-07 02:14:58.386: [INFO][Sync] Stopped: Edge Hub App Usage
2025-01-07 02:14:58.386: [INFO][Sync] Stopped: Edge Tab Group
2025-01-07 02:14:58.386: [INFO][Sync] Stopped: Edge Wallet
2025-01-07 02:14:58.386: [INFO][Sync] SyncState after authenticated was: NotSignedIn
2025-01-07 02:14:58.598: [INFO][Sync] Reset engine, reason: 8
2025-01-07 02:14:58.598: [INFO][Sync] Stopped: Bookmarks
2025-01-07 02:14:58.598: [INFO][Sync] Stopped: Preferences
2025-01-07 02:14:58.598: [INFO][Sync] Stopped: Passwords
2025-01-07 02:14:58.598: [INFO][Sync] Stopped: Autofill Profiles
2025-01-07 02:14:58.598: [INFO][Sync] Stopped: Autofill
2025-01-07 02:14:58.598: [INFO][Sync] Stopped: Typed URLs
2025-01-07 02:14:58.598: [INFO][Sync] Stopped: Extensions
2025-01-07 02:14:58.598: [INFO][Sync] Stopped: Sessions
2025-01-07 02:14:58.598: [INFO][Sync] Stopped: Extension settings
2025-01-07 02:14:58.598: [INFO][Sync] Stopped: History Delete Directives
2025-01-07 02:14:58.598: [INFO][Sync] Stopped: Device Info
2025-01-07 02:14:58.598: [INFO][Sync] Stopped: User Consents
2025-01-07 02:14:58.598: [INFO][Sync] Stopped: Send Tab To Self
2025-01-07 02:14:58.598: [INFO][Sync] Stopped: Web Apps
2025-01-07 02:14:58.598: [INFO][Sync] Stopped: History
2025-01-07 02:14:58.598: [INFO][Sync] Stopped: Collection
2025-01-07 02:14:58.598: [INFO][Sync] Stopped: Edge E Drop
2025-01-07 02:14:58.598: [INFO][Sync] Stopped: Edge Hub App Usage
2025-01-07 02:14:58.598: [INFO][Sync] Stopped: Edge Tab Group
2025-01-07 02:14:58.598: [INFO][Sync] Stopped: Edge Wallet
2025-01-15 05:35:08.934: [INFO][Sync] Reset engine, reason: 8
2025-01-15 05:35:08.935: [INFO][Sync] Stopped: Bookmarks
2025-01-15 05:35:08.935: [INFO][Sync] Stopped: Preferences
2025-01-15 05:35:08.935: [INFO][Sync] Stopped: Passwords
2025-01-15 05:35:08.935: [INFO][Sync] Stopped: Autofill Profiles
2025-01-15 05:35:08.935: [INFO][Sync] Stopped: Autofill
2025-01-15 05:35:08.935: [INFO][Sync] Stopped: Typed URLs
2025-01-15 05:35:08.935: [INFO][Sync] Stopped: Extensions
2025-01-15 05:35:08.935: [INFO][Sync] Stopped: Sessions
2025-01-15 05:35:08.935: [INFO][Sync] Stopped: Extension settings
2025-01-15 05:35:08.935: [INFO][Sync] Stopped: History Delete Directives
2025-01-15 05:35:08.935: [INFO][Sync] Stopped: Device Info
2025-01-15 05:35:08.935: [INFO][Sync] Stopped: User Consents
2025-01-15 05:35:08.935: [INFO][Sync] Stopped: Send Tab To Self
2025-01-15 05:35:08.935: [INFO][Sync] Stopped: Web Apps
2025-01-15 05:35:08.935: [INFO][Sync] Stopped: History
2025-01-15 05:35:08.935: [INFO][Sync] Stopped: Collection
2025-01-15 05:35:08.935: [INFO][Sync] Stopped: Edge E Drop
2025-01-15 05:35:08.935: [INFO][Sync] Stopped: Edge Hub App Usage
2025-01-15 05:35:08.935: [INFO][Sync] Stopped: Edge Tab Group
2025-01-15 05:35:08.935: [INFO][Sync] Stopped: Edge Wallet
2025-01-15 05:35:08.935: [INFO][Sync] SyncState after authenticated was: NotSignedIn
2025-01-15 05:35:09.128: [INFO][Sync] Reset engine, reason: 8
2025-01-15 05:35:09.128: [INFO][Sync] Stopped: Bookmarks
2025-01-15 05:35:09.128: [INFO][Sync] Stopped: Preferences
2025-01-15 05:35:09.128: [INFO][Sync] Stopped: Passwords
2025-01-15 05:35:09.128: [INFO][Sync] Stopped: Autofill Profiles
2025-01-15 05:35:09.128: [INFO][Sync] Stopped: Autofill
2025-01-15 05:35:09.128: [INFO][Sync] Stopped: Typed URLs
2025-01-15 05:35:09.128: [INFO][Sync] Stopped: Extensions
2025-01-15 05:35:09.128: [INFO][Sync] Stopped: Sessions
2025-01-15 05:35:09.128: [INFO][Sync] Stopped: Extension settings
2025-01-15 05:35:09.128: [INFO][Sync] Stopped: History Delete Directives
2025-01-15 05:35:09.128: [INFO][Sync] Stopped: Device Info
2025-01-15 05:35:09.128: [INFO][Sync] Stopped: User Consents
2025-01-15 05:35:09.128: [INFO][Sync] Stopped: Send Tab To Self
2025-01-15 05:35:09.128: [INFO][Sync] Stopped: Web Apps
2025-01-15 05:35:09.128: [INFO][Sync] Stopped: History
2025-01-15 05:35:09.128: [INFO][Sync] Stopped: Collection
2025-01-15 05:35:09.128: [INFO][Sync] Stopped: Edge E Drop
2025-01-15 05:35:09.128: [INFO][Sync] Stopped: Edge Hub App Usage
2025-01-15 05:35:09.128: [INFO][Sync] Stopped: Edge Tab Group
2025-01-15 05:35:09.128: [INFO][Sync] Stopped: Edge Wallet
2025-01-15 09:37:11.673: [INFO][Sync] Reset engine, reason: 0
2025-01-15 09:38:00.012: [INFO][Sync] Reset engine, reason: 8
2025-01-15 09:38:00.012: [INFO][Sync] Stopped: Bookmarks
2025-01-15 09:38:00.012: [INFO][Sync] Stopped: Preferences
2025-01-15 09:38:00.012: [INFO][Sync] Stopped: Passwords
2025-01-15 09:38:00.012: [INFO][Sync] Stopped: Autofill Profiles
2025-01-15 09:38:00.012: [INFO][Sync] Stopped: Autofill
2025-01-15 09:38:00.012: [INFO][Sync] Stopped: Typed URLs
2025-01-15 09:38:00.012: [INFO][Sync] Stopped: Extensions
2025-01-15 09:38:00.012: [INFO][Sync] Stopped: Sessions
2025-01-15 09:38:00.012: [INFO][Sync] Stopped: Extension settings
2025-01-15 09:38:00.012: [INFO][Sync] Stopped: History Delete Directives
2025-01-15 09:38:00.012: [INFO][Sync] Stopped: Device Info
2025-01-15 09:38:00.012: [INFO][Sync] Stopped: User Consents
2025-01-15 09:38:00.012: [INFO][Sync] Stopped: Send Tab To Self
2025-01-15 09:38:00.012: [INFO][Sync] Stopped: Web Apps
2025-01-15 09:38:00.012: [INFO][Sync] Stopped: History
2025-01-15 09:38:00.012: [INFO][Sync] Stopped: Collection
2025-01-15 09:38:00.012: [INFO][Sync] Stopped: Edge E Drop
2025-01-15 09:38:00.012: [INFO][Sync] Stopped: Edge Hub App Usage
2025-01-15 09:38:00.012: [INFO][Sync] Stopped: Edge Tab Group
2025-01-15 09:38:00.012: [INFO][Sync] Stopped: Edge Wallet
2025-01-15 09:38:00.012: [INFO][Sync] SyncState after authenticated was: NotSignedIn
2025-01-15 09:38:00.539: [INFO][Sync] Reset engine, reason: 8
2025-01-15 09:38:00.539: [INFO][Sync] Stopped: Bookmarks
2025-01-15 09:38:00.539: [INFO][Sync] Stopped: Preferences
2025-01-15 09:38:00.539: [INFO][Sync] Stopped: Passwords
2025-01-15 09:38:00.539: [INFO][Sync] Stopped: Autofill Profiles
2025-01-15 09:38:00.539: [INFO][Sync] Stopped: Autofill
2025-01-15 09:38:00.539: [INFO][Sync] Stopped: Typed URLs
2025-01-15 09:38:00.539: [INFO][Sync] Stopped: Extensions
2025-01-15 09:38:00.539: [INFO][Sync] Stopped: Sessions
2025-01-15 09:38:00.539: [INFO][Sync] Stopped: Extension settings
2025-01-15 09:38:00.539: [INFO][Sync] Stopped: History Delete Directives
2025-01-15 09:38:00.539: [INFO][Sync] Stopped: Device Info
2025-01-15 09:38:00.539: [INFO][Sync] Stopped: User Consents
2025-01-15 09:38:00.539: [INFO][Sync] Stopped: Send Tab To Self
2025-01-15 09:38:00.539: [INFO][Sync] Stopped: Web Apps
2025-01-15 09:38:00.539: [INFO][Sync] Stopped: History
2025-01-15 09:38:00.539: [INFO][Sync] Stopped: Collection
2025-01-15 09:38:00.539: [INFO][Sync] Stopped: Edge E Drop
2025-01-15 09:38:00.539: [INFO][Sync] Stopped: Edge Hub App Usage
2025-01-15 09:38:00.539: [INFO][Sync] Stopped: Edge Tab Group
2025-01-15 09:38:00.539: [INFO][Sync] Stopped: Edge Wallet
2025-01-15 09:41:25.794: [INFO][Sync] Reset engine, reason: 0
2025-01-16 02:51:45.385: [INFO][Sync] Reset engine, reason: 8
2025-01-16 02:51:45.385: [INFO][Sync] Stopped: Bookmarks
2025-01-16 02:51:45.385: [INFO][Sync] Stopped: Preferences
2025-01-16 02:51:45.385: [INFO][Sync] Stopped: Passwords
2025-01-16 02:51:45.385: [INFO][Sync] Stopped: Autofill Profiles
2025-01-16 02:51:45.385: [INFO][Sync] Stopped: Autofill
2025-01-16 02:51:45.385: [INFO][Sync] Stopped: Typed URLs
2025-01-16 02:51:45.385: [INFO][Sync] Stopped: Extensions
2025-01-16 02:51:45.385: [INFO][Sync] Stopped: Sessions
2025-01-16 02:51:45.385: [INFO][Sync] Stopped: Extension settings
2025-01-16 02:51:45.385: [INFO][Sync] Stopped: History Delete Directives
2025-01-16 02:51:45.385: [INFO][Sync] Stopped: Device Info
2025-01-16 02:51:45.385: [INFO][Sync] Stopped: User Consents
2025-01-16 02:51:45.385: [INFO][Sync] Stopped: Send Tab To Self
2025-01-16 02:51:45.385: [INFO][Sync] Stopped: Web Apps
2025-01-16 02:51:45.385: [INFO][Sync] Stopped: History
2025-01-16 02:51:45.385: [INFO][Sync] Stopped: Collection
2025-01-16 02:51:45.385: [INFO][Sync] Stopped: Edge E Drop
2025-01-16 02:51:45.385: [INFO][Sync] Stopped: Edge Hub App Usage
2025-01-16 02:51:45.385: [INFO][Sync] Stopped: Edge Tab Group
2025-01-16 02:51:45.385: [INFO][Sync] Stopped: Edge Wallet
2025-01-16 02:51:45.385: [INFO][Sync] SyncState after authenticated was: NotSignedIn
2025-01-16 02:51:45.920: [INFO][Sync] Reset engine, reason: 8
2025-01-16 02:51:45.920: [INFO][Sync] Stopped: Bookmarks
2025-01-16 02:51:45.920: [INFO][Sync] Stopped: Preferences
2025-01-16 02:51:45.920: [INFO][Sync] Stopped: Passwords
2025-01-16 02:51:45.920: [INFO][Sync] Stopped: Autofill Profiles
2025-01-16 02:51:45.920: [INFO][Sync] Stopped: Autofill
2025-01-16 02:51:45.920: [INFO][Sync] Stopped: Typed URLs
2025-01-16 02:51:45.920: [INFO][Sync] Stopped: Extensions
2025-01-16 02:51:45.920: [INFO][Sync] Stopped: Sessions
2025-01-16 02:51:45.920: [INFO][Sync] Stopped: Extension settings
2025-01-16 02:51:45.920: [INFO][Sync] Stopped: History Delete Directives
2025-01-16 02:51:45.920: [INFO][Sync] Stopped: Device Info
2025-01-16 02:51:45.920: [INFO][Sync] Stopped: User Consents
2025-01-16 02:51:45.920: [INFO][Sync] Stopped: Send Tab To Self
2025-01-16 02:51:45.920: [INFO][Sync] Stopped: Web Apps
2025-01-16 02:51:45.920: [INFO][Sync] Stopped: History
2025-01-16 02:51:45.920: [INFO][Sync] Stopped: Collection
2025-01-16 02:51:45.920: [INFO][Sync] Stopped: Edge E Drop
2025-01-16 02:51:45.920: [INFO][Sync] Stopped: Edge Hub App Usage
2025-01-16 02:51:45.920: [INFO][Sync] Stopped: Edge Tab Group
2025-01-16 02:51:45.920: [INFO][Sync] Stopped: Edge Wallet
2025-01-16 09:52:33.806: [INFO][Sync] Reset engine, reason: 0
2025-01-22 02:40:19.930: [INFO][Sync] Reset engine, reason: 8
2025-01-22 02:40:19.930: [INFO][Sync] Stopped: Bookmarks
2025-01-22 02:40:19.930: [INFO][Sync] Stopped: Preferences
2025-01-22 02:40:19.930: [INFO][Sync] Stopped: Passwords
2025-01-22 02:40:19.930: [INFO][Sync] Stopped: Autofill Profiles
2025-01-22 02:40:19.930: [INFO][Sync] Stopped: Autofill
2025-01-22 02:40:19.930: [INFO][Sync] Stopped: Typed URLs
2025-01-22 02:40:19.930: [INFO][Sync] Stopped: Extensions
2025-01-22 02:40:19.930: [INFO][Sync] Stopped: Sessions
2025-01-22 02:40:19.930: [INFO][Sync] Stopped: Extension settings
2025-01-22 02:40:19.930: [INFO][Sync] Stopped: History Delete Directives
2025-01-22 02:40:19.930: [INFO][Sync] Stopped: Device Info
2025-01-22 02:40:19.930: [INFO][Sync] Stopped: User Consents
2025-01-22 02:40:19.930: [INFO][Sync] Stopped: Send Tab To Self
2025-01-22 02:40:19.930: [INFO][Sync] Stopped: Web Apps
2025-01-22 02:40:19.930: [INFO][Sync] Stopped: History
2025-01-22 02:40:19.930: [INFO][Sync] Stopped: Collection
2025-01-22 02:40:19.930: [INFO][Sync] Stopped: Edge E Drop
2025-01-22 02:40:19.930: [INFO][Sync] Stopped: Edge Hub App Usage
2025-01-22 02:40:19.930: [INFO][Sync] Stopped: Edge Tab Group
2025-01-22 02:40:19.930: [INFO][Sync] Stopped: Edge Wallet
2025-01-22 02:40:19.930: [INFO][Sync] SyncState after authenticated was: NotSignedIn
2025-01-22 02:40:20.186: [INFO][Sync] Reset engine, reason: 8
2025-01-22 02:40:20.186: [INFO][Sync] Stopped: Bookmarks
2025-01-22 02:40:20.186: [INFO][Sync] Stopped: Preferences
2025-01-22 02:40:20.186: [INFO][Sync] Stopped: Passwords
2025-01-22 02:40:20.186: [INFO][Sync] Stopped: Autofill Profiles
2025-01-22 02:40:20.186: [INFO][Sync] Stopped: Autofill
2025-01-22 02:40:20.186: [INFO][Sync] Stopped: Typed URLs
2025-01-22 02:40:20.186: [INFO][Sync] Stopped: Extensions
2025-01-22 02:40:20.186: [INFO][Sync] Stopped: Sessions
2025-01-22 02:40:20.186: [INFO][Sync] Stopped: Extension settings
2025-01-22 02:40:20.186: [INFO][Sync] Stopped: History Delete Directives
2025-01-22 02:40:20.186: [INFO][Sync] Stopped: Device Info
2025-01-22 02:40:20.186: [INFO][Sync] Stopped: User Consents
2025-01-22 02:40:20.186: [INFO][Sync] Stopped: Send Tab To Self
2025-01-22 02:40:20.186: [INFO][Sync] Stopped: Web Apps
2025-01-22 02:40:20.186: [INFO][Sync] Stopped: History
2025-01-22 02:40:20.186: [INFO][Sync] Stopped: Collection
2025-01-22 02:40:20.186: [INFO][Sync] Stopped: Edge E Drop
2025-01-22 02:40:20.186: [INFO][Sync] Stopped: Edge Hub App Usage
2025-01-22 02:40:20.186: [INFO][Sync] Stopped: Edge Tab Group
2025-01-22 02:40:20.186: [INFO][Sync] Stopped: Edge Wallet
2025-01-22 02:50:51.381: [INFO][Sync] Reset engine, reason: 8
2025-01-22 02:50:51.381: [INFO][Sync] Stopped: Bookmarks
2025-01-22 02:50:51.381: [INFO][Sync] Stopped: Preferences
2025-01-22 02:50:51.381: [INFO][Sync] Stopped: Passwords
2025-01-22 02:50:51.381: [INFO][Sync] Stopped: Autofill Profiles
2025-01-22 02:50:51.381: [INFO][Sync] Stopped: Autofill
2025-01-22 02:50:51.381: [INFO][Sync] Stopped: Typed URLs
2025-01-22 02:50:51.381: [INFO][Sync] Stopped: Extensions
2025-01-22 02:50:51.381: [INFO][Sync] Stopped: Sessions
2025-01-22 02:50:51.381: [INFO][Sync] Stopped: Extension settings
2025-01-22 02:50:51.381: [INFO][Sync] Stopped: History Delete Directives
2025-01-22 02:50:51.381: [INFO][Sync] Stopped: Device Info
2025-01-22 02:50:51.381: [INFO][Sync] Stopped: User Consents
2025-01-22 02:50:51.381: [INFO][Sync] Stopped: Send Tab To Self
2025-01-22 02:50:51.381: [INFO][Sync] Stopped: Web Apps
2025-01-22 02:50:51.381: [INFO][Sync] Stopped: History
2025-01-22 02:50:51.381: [INFO][Sync] Stopped: Collection
2025-01-22 02:50:51.381: [INFO][Sync] Stopped: Edge E Drop
2025-01-22 02:50:51.381: [INFO][Sync] Stopped: Edge Hub App Usage
2025-01-22 02:50:51.381: [INFO][Sync] Stopped: Edge Tab Group
2025-01-22 02:50:51.381: [INFO][Sync] Stopped: Edge Wallet
2025-01-22 02:50:51.381: [INFO][Sync] SyncState after authenticated was: NotSignedIn
2025-01-22 02:50:51.652: [INFO][Sync] Reset engine, reason: 8
2025-01-22 02:50:51.652: [INFO][Sync] Stopped: Bookmarks
2025-01-22 02:50:51.652: [INFO][Sync] Stopped: Preferences
2025-01-22 02:50:51.652: [INFO][Sync] Stopped: Passwords
2025-01-22 02:50:51.652: [INFO][Sync] Stopped: Autofill Profiles
2025-01-22 02:50:51.652: [INFO][Sync] Stopped: Autofill
2025-01-22 02:50:51.652: [INFO][Sync] Stopped: Typed URLs
2025-01-22 02:50:51.652: [INFO][Sync] Stopped: Extensions
2025-01-22 02:50:51.652: [INFO][Sync] Stopped: Sessions
2025-01-22 02:50:51.652: [INFO][Sync] Stopped: Extension settings
2025-01-22 02:50:51.652: [INFO][Sync] Stopped: History Delete Directives
2025-01-22 02:50:51.652: [INFO][Sync] Stopped: Device Info
2025-01-22 02:50:51.652: [INFO][Sync] Stopped: User Consents
2025-01-22 02:50:51.652: [INFO][Sync] Stopped: Send Tab To Self
2025-01-22 02:50:51.652: [INFO][Sync] Stopped: Web Apps
2025-01-22 02:50:51.652: [INFO][Sync] Stopped: History
2025-01-22 02:50:51.652: [INFO][Sync] Stopped: Collection
2025-01-22 02:50:51.652: [INFO][Sync] Stopped: Edge E Drop
2025-01-22 02:50:51.652: [INFO][Sync] Stopped: Edge Hub App Usage
2025-01-22 02:50:51.652: [INFO][Sync] Stopped: Edge Tab Group
2025-01-22 02:50:51.652: [INFO][Sync] Stopped: Edge Wallet
2025-01-22 03:41:33.717: [INFO][Sync] Reset engine, reason: 8
2025-01-22 03:41:33.717: [INFO][Sync] Stopped: Bookmarks
2025-01-22 03:41:33.717: [INFO][Sync] Stopped: Preferences
2025-01-22 03:41:33.717: [INFO][Sync] Stopped: Passwords
2025-01-22 03:41:33.717: [INFO][Sync] Stopped: Autofill Profiles
2025-01-22 03:41:33.717: [INFO][Sync] Stopped: Autofill
2025-01-22 03:41:33.717: [INFO][Sync] Stopped: Typed URLs
2025-01-22 03:41:33.717: [INFO][Sync] Stopped: Extensions
2025-01-22 03:41:33.717: [INFO][Sync] Stopped: Sessions
2025-01-22 03:41:33.717: [INFO][Sync] Stopped: Extension settings
2025-01-22 03:41:33.717: [INFO][Sync] Stopped: History Delete Directives
2025-01-22 03:41:33.717: [INFO][Sync] Stopped: Device Info
2025-01-22 03:41:33.717: [INFO][Sync] Stopped: User Consents
2025-01-22 03:41:33.717: [INFO][Sync] Stopped: Send Tab To Self
2025-01-22 03:41:33.717: [INFO][Sync] Stopped: Web Apps
2025-01-22 03:41:33.717: [INFO][Sync] Stopped: History
2025-01-22 03:41:33.717: [INFO][Sync] Stopped: Collection
2025-01-22 03:41:33.717: [INFO][Sync] Stopped: Edge E Drop
2025-01-22 03:41:33.717: [INFO][Sync] Stopped: Edge Hub App Usage
2025-01-22 03:41:33.717: [INFO][Sync] Stopped: Edge Tab Group
2025-01-22 03:41:33.717: [INFO][Sync] Stopped: Edge Wallet
2025-01-22 03:41:33.717: [INFO][Sync] SyncState after authenticated was: NotSignedIn
2025-01-22 03:41:34.120: [INFO][Sync] Reset engine, reason: 8
2025-01-22 03:41:34.120: [INFO][Sync] Stopped: Bookmarks
2025-01-22 03:41:34.120: [INFO][Sync] Stopped: Preferences
2025-01-22 03:41:34.120: [INFO][Sync] Stopped: Passwords
2025-01-22 03:41:34.120: [INFO][Sync] Stopped: Autofill Profiles
2025-01-22 03:41:34.120: [INFO][Sync] Stopped: Autofill
2025-01-22 03:41:34.120: [INFO][Sync] Stopped: Typed URLs
2025-01-22 03:41:34.120: [INFO][Sync] Stopped: Extensions
2025-01-22 03:41:34.120: [INFO][Sync] Stopped: Sessions
2025-01-22 03:41:34.120: [INFO][Sync] Stopped: Extension settings
2025-01-22 03:41:34.120: [INFO][Sync] Stopped: History Delete Directives
2025-01-22 03:41:34.120: [INFO][Sync] Stopped: Device Info
2025-01-22 03:41:34.120: [INFO][Sync] Stopped: User Consents
2025-01-22 03:41:34.120: [INFO][Sync] Stopped: Send Tab To Self
2025-01-22 03:41:34.120: [INFO][Sync] Stopped: Web Apps
2025-01-22 03:41:34.120: [INFO][Sync] Stopped: History
2025-01-22 03:41:34.120: [INFO][Sync] Stopped: Collection
2025-01-22 03:41:34.120: [INFO][Sync] Stopped: Edge E Drop
2025-01-22 03:41:34.120: [INFO][Sync] Stopped: Edge Hub App Usage
2025-01-22 03:41:34.120: [INFO][Sync] Stopped: Edge Tab Group
2025-01-22 03:41:34.120: [INFO][Sync] Stopped: Edge Wallet
2025-01-22 04:06:53.538: [INFO][Sync] Reset engine, reason: 8
2025-01-22 04:06:53.538: [INFO][Sync] Stopped: Bookmarks
2025-01-22 04:06:53.538: [INFO][Sync] Stopped: Preferences
2025-01-22 04:06:53.538: [INFO][Sync] Stopped: Passwords
2025-01-22 04:06:53.538: [INFO][Sync] Stopped: Autofill Profiles
2025-01-22 04:06:53.538: [INFO][Sync] Stopped: Autofill
2025-01-22 04:06:53.538: [INFO][Sync] Stopped: Typed URLs
2025-01-22 04:06:53.538: [INFO][Sync] Stopped: Extensions
2025-01-22 04:06:53.538: [INFO][Sync] Stopped: Sessions
2025-01-22 04:06:53.538: [INFO][Sync] Stopped: Extension settings
2025-01-22 04:06:53.538: [INFO][Sync] Stopped: History Delete Directives
2025-01-22 04:06:53.538: [INFO][Sync] Stopped: Device Info
2025-01-22 04:06:53.538: [INFO][Sync] Stopped: User Consents
2025-01-22 04:06:53.538: [INFO][Sync] Stopped: Send Tab To Self
2025-01-22 04:06:53.538: [INFO][Sync] Stopped: Web Apps
2025-01-22 04:06:53.538: [INFO][Sync] Stopped: History
2025-01-22 04:06:53.538: [INFO][Sync] Stopped: Collection
2025-01-22 04:06:53.538: [INFO][Sync] Stopped: Edge E Drop
2025-01-22 04:06:53.538: [INFO][Sync] Stopped: Edge Hub App Usage
2025-01-22 04:06:53.538: [INFO][Sync] Stopped: Edge Tab Group
2025-01-22 04:06:53.538: [INFO][Sync] Stopped: Edge Wallet
2025-01-22 04:06:53.538: [INFO][Sync] SyncState after authenticated was: NotSignedIn
2025-01-22 04:06:53.910: [INFO][Sync] Reset engine, reason: 8
2025-01-22 04:06:53.911: [INFO][Sync] Stopped: Bookmarks
2025-01-22 04:06:53.911: [INFO][Sync] Stopped: Preferences
2025-01-22 04:06:53.911: [INFO][Sync] Stopped: Passwords
2025-01-22 04:06:53.911: [INFO][Sync] Stopped: Autofill Profiles
2025-01-22 04:06:53.911: [INFO][Sync] Stopped: Autofill
2025-01-22 04:06:53.911: [INFO][Sync] Stopped: Typed URLs
2025-01-22 04:06:53.911: [INFO][Sync] Stopped: Extensions
2025-01-22 04:06:53.911: [INFO][Sync] Stopped: Sessions
2025-01-22 04:06:53.911: [INFO][Sync] Stopped: Extension settings
2025-01-22 04:06:53.911: [INFO][Sync] Stopped: History Delete Directives
2025-01-22 04:06:53.911: [INFO][Sync] Stopped: Device Info
2025-01-22 04:06:53.911: [INFO][Sync] Stopped: User Consents
2025-01-22 04:06:53.911: [INFO][Sync] Stopped: Send Tab To Self
2025-01-22 04:06:53.911: [INFO][Sync] Stopped: Web Apps
2025-01-22 04:06:53.911: [INFO][Sync] Stopped: History
2025-01-22 04:06:53.911: [INFO][Sync] Stopped: Collection
2025-01-22 04:06:53.911: [INFO][Sync] Stopped: Edge E Drop
2025-01-22 04:06:53.911: [INFO][Sync] Stopped: Edge Hub App Usage
2025-01-22 04:06:53.911: [INFO][Sync] Stopped: Edge Tab Group
2025-01-22 04:06:53.911: [INFO][Sync] Stopped: Edge Wallet
